<?xml version="1.0" encoding="utf-8"?><testsuites name="pytest tests"><testsuite name="pytest" errors="5" failures="45" skipped="70" tests="1294" time="190.024" timestamp="2026-08-01T16:54:56.974405+07:00" hostname="DESKTOP-OJS402G"><testcase classname="" name="tests.unit.service.test_menubar_usage_watch" time="0.000"><skipped message="collection skipped">('C:\\Users\\ADMIN\\Documents\\Code\\PixelOffice-v2\\backends\\manager\\tests\\unit\\service\\test_menubar_usage_watch.py', 16, 'Skipped: rumps/pyobjc unavailable')</skipped></testcase><testcase classname="tests.unit.api.test_bulk_refresh_timeout" name="test_hanging_account_times_out_and_others_complete" time="0.267" /><testcase classname="tests.unit.api.test_bulk_refresh_timeout" name="test_timeout_writes_validation_status_unknown" time="0.218" /><testcase classname="tests.unit.api.test_bulk_refresh_timeout" name="test_stale_lock_cancels_orphan_task" time="0.003" /><testcase classname="tests.unit.api.test_bulk_refresh_timeout" name="test_finally_preserves_newer_task_in_slot" time="0.003" /><testcase classname="tests.unit.api.test_network_security" name="test_build_allowed_origins_loopback_returns_two_origins" time="0.001" /><testcase classname="tests.unit.api.test_network_security" name="test_build_allowed_origins_wildcard_bind_never_returns_star" time="0.001" /><testcase classname="tests.unit.api.test_network_security" name="test_build_allowed_origins_appends_env_extras_normalized_and_deduped" time="0.001" /><testcase classname="tests.unit.api.test_network_security" name="test_host_header_allowed_accepts_trusted_forms[127.0.0.1:8321]" time="0.001" /><testcase classname="tests.unit.api.test_network_security" name="test_host_header_allowed_accepts_trusted_forms[localhost:8321]" time="0.001" /><testcase classname="tests.unit.api.test_network_security" name="test_host_header_allowed_accepts_trusted_forms[LOCALHOST]" time="0.001" /><testcase classname="tests.unit.api.test_network_security" name="test_host_header_allowed_accepts_trusted_forms[[::1]:8321]" time="0.001" /><testcase classname="tests.unit.api.test_network_security" name="test_host_header_allowed_accepts_trusted_forms[::1]" time="0.001" /><testcase classname="tests.unit.api.test_network_security" name="test_host_header_allowed_accepts_trusted_forms[192.168.1.50:8321]" time="0.001" /><testcase classname="tests.unit.api.test_network_security" name="test_host_header_allowed_accepts_trusted_forms[100.101.102.103]" time="0.001" /><testcase classname="tests.unit.api.test_network_security" name="test_host_header_allowed_accepts_trusted_forms[studio]" time="0.001" /><testcase classname="tests.unit.api.test_network_security" name="test_host_header_allowed_accepts_trusted_forms[studio:8321]" time="0.001" /><testcase classname="tests.unit.api.test_network_security" name="test_host_header_allowed_accepts_trusted_forms[studio.tail1234.ts.net:8321]" time="0.001" /><testcase classname="tests.unit.api.test_network_security" name="test_host_header_allowed_accepts_trusted_forms[mymac.local]" time="0.001" /><testcase classname="tests.unit.api.test_network_security" name="test_host_header_allowed_accepts_trusted_forms[anything.localhost]" time="0.001" /><testcase classname="tests.unit.api.test_network_security" name="test_host_header_allowed_accepts_env_extra" time="0.001" /><testcase classname="tests.unit.api.test_network_security" name="test_host_header_allowed_rejects_registrable_domains[]" time="0.001" /><testcase classname="tests.unit.api.test_network_security" name="test_host_header_allowed_rejects_registrable_domains[evil.example.com]" time="0.001" /><testcase classname="tests.unit.api.test_network_security" name="test_host_header_allowed_rejects_registrable_domains[evil.example.com:8321]" time="0.001" /><testcase classname="tests.unit.api.test_network_security" name="test_host_header_allowed_rejects_registrable_domains[sub.evil.io]" time="0.001" /><testcase classname="tests.unit.api.test_network_security" name="test_host_header_allowed_rejects_env_host_when_var_unset" time="0.001" /><testcase classname="tests.unit.api.test_network_security" name="test_origin_allowed_exact_allowlist_match" time="0.001" /><testcase classname="tests.unit.api.test_network_security" name="test_origin_allowed_same_origin[http://studio:8321-studio:8321]" time="0.001" /><testcase classname="tests.unit.api.test_network_security" name="test_origin_allowed_same_origin[https://machine.tail1.ts.net-machine.tail1.ts.net]" time="0.001" /><testcase classname="tests.unit.api.test_network_security" name="test_origin_allowed_portless_host_accepts_any_port[https://machine.tail1.ts.net-machine.tail1.ts.net]" time="0.001" /><testcase classname="tests.unit.api.test_network_security" name="test_origin_allowed_portless_host_accepts_any_port[http://studio:8321-studio]" time="0.001" /><testcase classname="tests.unit.api.test_network_security" name="test_origin_allowed_port_mismatch_fails" time="0.001" /><testcase classname="tests.unit.api.test_network_security" name="test_origin_allowed_foreign_host_fails" time="0.001" /><testcase classname="tests.unit.api.test_network_security" name="test_origin_allowed_empty_and_null_fail[]" time="0.001" /><testcase classname="tests.unit.api.test_network_security" name="test_origin_allowed_empty_and_null_fail[null]" time="0.001" /><testcase classname="tests.unit.api.test_network_security" name="test_origin_allowed_non_http_scheme_fails" time="0.001" /><testcase classname="tests.unit.api.test_network_security" name="test_get_with_default_host_is_not_421" time="0.004" /><testcase classname="tests.unit.api.test_network_security" name="test_get_with_untrusted_host_is_421" time="0.003" /><testcase classname="tests.unit.api.test_network_security" name="test_post_with_foreign_origin_is_403_csrf" time="0.002" /><testcase classname="tests.unit.api.test_network_security" name="test_post_with_same_origin_is_not_403" time="0.003" /><testcase classname="tests.unit.api.test_network_security" name="test_post_with_no_origin_is_not_403" time="0.002" /><testcase classname="tests.unit.api.test_network_security" name="test_unsafe_methods_with_foreign_origin_are_403[DELETE]" time="0.002" /><testcase classname="tests.unit.api.test_network_security" name="test_unsafe_methods_with_foreign_origin_are_403[PUT]" time="0.002" /><testcase classname="tests.unit.api.test_network_security" name="test_get_with_foreign_origin_is_not_blocked" time="0.003" /><testcase classname="tests.unit.api.test_network_security" name="test_ws_same_origin_connects" time="0.003" /><testcase classname="tests.unit.api.test_network_security" name="test_ws_foreign_origin_is_rejected" time="0.002" /><testcase classname="tests.unit.api.test_network_security" name="test_ws_missing_origin_is_rejected" time="0.002" /><testcase classname="tests.unit.api.test_network_security" name="test_ws_allowlisted_cross_origin_connects" time="0.003" /><testcase classname="tests.unit.api.test_network_security" name="test_duplicate_host_headers_rejected_both_orderings[headers0]" time="0.001" /><testcase classname="tests.unit.api.test_network_security" name="test_duplicate_host_headers_rejected_both_orderings[headers1]" time="0.002" /><testcase classname="tests.unit.api.test_network_security" name="test_duplicate_host_headers_rejected_both_orderings[headers2]" time="0.001" /><testcase classname="tests.unit.api.test_network_security" name="test_single_trusted_host_reaches_app" time="0.001" /><testcase classname="tests.unit.api.test_network_security" name="test_unterminated_bracketed_ipv6_host_rejected" time="0.001" /><testcase classname="tests.unit.api.test_network_security" name="test_trailing_dot_absolute_fqdn_treated_as_dotless_twin[studio.tail1234.ts.net.]" time="0.001" /><testcase classname="tests.unit.api.test_network_security" name="test_trailing_dot_absolute_fqdn_treated_as_dotless_twin[box.local.]" time="0.001" /><testcase classname="tests.unit.api.test_network_security" name="test_trailing_dot_absolute_fqdn_treated_as_dotless_twin[studio.]" time="0.001" /><testcase classname="tests.unit.api.test_network_security" name="test_trailing_dot_does_not_rescue_registrable_domains" time="0.001" /><testcase classname="tests.unit.api.test_network_security" name="test_cors_middleware_honors_in_place_refresh" time="0.005" /><testcase classname="tests.unit.api.test_oauth_remote_routes" name="test_manual_oauth_false_for_loopback_clients[127.0.0.1]" time="0.001" /><testcase classname="tests.unit.api.test_oauth_remote_routes" name="test_manual_oauth_false_for_loopback_clients[::1]" time="0.001" /><testcase classname="tests.unit.api.test_oauth_remote_routes" name="test_manual_oauth_false_for_loopback_clients[localhost]" time="0.001" /><testcase classname="tests.unit.api.test_oauth_remote_routes" name="test_manual_oauth_false_for_loopback_clients[testclient]" time="0.001" /><testcase classname="tests.unit.api.test_oauth_remote_routes" name="test_manual_oauth_true_for_non_loopback_clients[10.0.0.5]" time="0.001" /><testcase classname="tests.unit.api.test_oauth_remote_routes" name="test_manual_oauth_true_for_non_loopback_clients[192.168.1.20]" time="0.001" /><testcase classname="tests.unit.api.test_oauth_remote_routes" name="test_manual_oauth_true_for_non_loopback_clients[100.64.0.3]" time="0.001" /><testcase classname="tests.unit.api.test_oauth_remote_routes" name="test_manual_oauth_remote_flag_overrides_a_loopback_client" time="0.001" /><testcase classname="tests.unit.api.test_oauth_remote_routes" name="test_manual_oauth_defaults_to_manual_without_a_client" time="0.001" /><testcase classname="tests.unit.api.test_oauth_remote_routes" name="test_add_account_with_remote_flag_starts_a_manual_flow" time="0.028" /><testcase classname="tests.unit.api.test_oauth_remote_routes" name="test_add_account_from_the_test_client_stays_automatic" time="0.028" /><testcase classname="tests.unit.api.test_oauth_remote_routes" name="test_reauth_with_remote_flag_starts_a_manual_flow" time="0.037" /><testcase classname="tests.unit.api.test_oauth_remote_routes" name="test_reauth_without_remote_flag_stays_automatic" time="0.035" /><testcase classname="tests.unit.api.test_oauth_remote_routes" name="test_authorize_cc_with_remote_flag_starts_a_manual_flow" time="0.034" /><testcase classname="tests.unit.api.test_oauth_remote_routes" name="test_authorize_cc_without_remote_flag_stays_automatic" time="0.038" /><testcase classname="tests.unit.api.test_oauth_remote_routes" name="test_flow_status_returns_every_field_the_flow_reports" time="0.027" /><testcase classname="tests.unit.api.test_oauth_remote_routes" name="test_flow_status_for_an_unknown_flow_is_not_found" time="0.027" /><testcase classname="tests.unit.api.test_oauth_remote_routes" name="test_submit_code_unknown_flow_returns_404" time="0.027" /><testcase classname="tests.unit.api.test_oauth_remote_routes" name="test_submit_code_surfaces_a_recoverable_paste_error" time="0.039" /><testcase classname="tests.unit.api.test_oauth_remote_routes" name="test_submit_code_success_returns_the_completed_account" time="0.027" /><testcase classname="tests.unit.api.test_oauth_remote_routes" name="test_submit_code_requires_a_code_field" time="0.027" /><testcase classname="tests.unit.api.test_reset_locks" name="test_registered_module_exposes_callable_reset_locks[manager.api.routes.auth]" time="0.001" /><testcase classname="tests.unit.api.test_reset_locks" name="test_registered_module_exposes_callable_reset_locks[manager.web.auth]" time="0.001" /><testcase classname="tests.unit.api.test_reset_locks" name="test_registered_module_exposes_callable_reset_locks[manager.api.routes.features]" time="0.001" /><testcase classname="tests.unit.api.test_reset_locks" name="test_registered_module_exposes_callable_reset_locks[manager.api.routes.permissions]" time="0.001" /><testcase classname="tests.unit.api.test_reset_locks" name="test_registered_module_exposes_callable_reset_locks[manager.api.routes.system]" time="0.001" /><testcase classname="tests.unit.api.test_reset_locks" name="test_registered_module_exposes_callable_reset_locks[manager.api.usage_monitor]" time="0.001" /><testcase classname="tests.unit.api.test_reset_locks" name="test_registered_module_exposes_callable_reset_locks[manager.web.oauth]" time="0.001" /><testcase classname="tests.unit.api.test_reset_locks" name="test_reset_locks_is_idempotent[manager.api.routes.auth]" time="0.001" /><testcase classname="tests.unit.api.test_reset_locks" name="test_reset_locks_is_idempotent[manager.web.auth]" time="0.001" /><testcase classname="tests.unit.api.test_reset_locks" name="test_reset_locks_is_idempotent[manager.api.routes.features]" time="0.001" /><testcase classname="tests.unit.api.test_reset_locks" name="test_reset_locks_is_idempotent[manager.api.routes.permissions]" time="0.001" /><testcase classname="tests.unit.api.test_reset_locks" name="test_reset_locks_is_idempotent[manager.api.routes.system]" time="0.001" /><testcase classname="tests.unit.api.test_reset_locks" name="test_reset_locks_is_idempotent[manager.api.usage_monitor]" time="0.001" /><testcase classname="tests.unit.api.test_reset_locks" name="test_reset_locks_is_idempotent[manager.web.oauth]" time="0.001" /><testcase classname="tests.unit.api.test_reset_locks" name="test_reset_locks_rebinds_bulk_refresh_lock" time="0.001" /><testcase classname="tests.unit.api.test_reset_locks" name="test_reset_locks_rebinds_single_global[manager.api.routes.features-_settings_lock]" time="0.001" /><testcase classname="tests.unit.api.test_reset_locks" name="test_reset_locks_rebinds_single_global[manager.api.routes.permissions-_project_settings_lock]" time="0.001" /><testcase classname="tests.unit.api.test_reset_locks" name="test_reset_locks_rebinds_single_global[manager.api.routes.system-_upgrade_lock]" time="0.001" /><testcase classname="tests.unit.api.test_reset_locks" name="test_fastapi_lifespan_actually_runs_reset_locks" time="0.027" /><testcase classname="tests.unit.api.test_reset_locks" name="test_reset_locks_clears_per_account_refresh_locks" time="0.001" /><testcase classname="tests.unit.api.test_reset_locks" name="test_reset_locks_rebinds_sweep_wake_event" time="0.001" /><testcase classname="tests.unit.api.test_reset_locks" name="test_reset_locks_clears_oauth_flows" time="0.001" /><testcase classname="tests.unit.api.test_reset_locks" name="test_permissions_uses_attribute_access_not_aliased_import" time="0.001"><failure message="FileNotFoundError: [Errno 2] No such file or directory: 'C:\\Users\\ADMIN\\Documents\\Code\\PixelOffice-v2\\backends\\manager\\jacked\\api\\routes\\permissions.py'">E   FileNotFoundError: [Errno 2] No such file or directory: 'C:\\Users\\ADMIN\\Documents\\Code\\PixelOffice-v2\\backends\\manager\\jacked\\api\\routes\\permissions.py'</failure></testcase><testcase classname="tests.unit.api.test_reset_locks" name="test_permissions_sees_rebound_features_settings_lock" time="0.001" /><testcase classname="tests.unit.api.test_reset_locks" name="test_every_module_level_asyncio_primitive_is_registered" time="0.001" /><testcase classname="tests.unit.api.test_reset_locks" name="test_registered_modules_are_wired_into_lifespan" time="0.001"><failure message="FileNotFoundError: [Errno 2] No such file or directory: 'C:\\Users\\ADMIN\\Documents\\Code\\PixelOffice-v2\\backends\\manager\\jacked\\api\\main.py'">E   FileNotFoundError: [Errno 2] No such file or directory: 'C:\\Users\\ADMIN\\Documents\\Code\\PixelOffice-v2\\backends\\manager\\jacked\\api\\main.py'</failure></testcase><testcase classname="tests.unit.api.test_routes_auth_timeouts" name="test_refresh_usage_timeout_returns_504_and_resets_status" time="0.214" /><testcase classname="tests.unit.api.test_routes_auth_timeouts" name="test_refresh_token_timeout_returns_504" time="0.003"><failure message="UnboundLocalError: cannot access local variable 'asyncio' where it is not associated with a value">E   UnboundLocalError: cannot access local variable 'asyncio' where it is not associated with a value

During handling of the above exception, another exception occurred:
E   UnboundLocalError: cannot access local variable 'asyncio' where it is not associated with a value</failure></testcase><testcase classname="tests.unit.api.test_routes_auth_timeouts" name="test_validate_timeout_returns_504" time="0.215" /><testcase classname="tests.unit.api.test_routes_auth_timeouts" name="test_bulk_refresh_429_uses_standard_envelope" time="0.003" /><testcase classname="tests.unit.api.test_routes_auth_timeouts" name="test_bulk_refresh_finally_resets_acquired_at" time="0.003" /><testcase classname="tests.unit.api.test_routes_auth_timeouts" name="test_bulk_refresh_throttled_within_30s_fetches_once" time="0.004" /><testcase classname="tests.unit.api.test_routes_auth_timeouts" name="test_bulk_refresh_not_throttled_after_interval" time="0.003" /><testcase classname="tests.unit.api.test_routes_auth_timeouts" name="test_bulk_refresh_throttled_pass_sends_no_ws_events" time="0.003" /><testcase classname="tests.unit.api.test_routes_auth_timeouts" name="test_reset_locks_clears_bulk_completion_throttle" time="0.002" /><testcase classname="tests.unit.api.test_routes_auth_timeouts" name="test_bulk_refresh_fetches_accounts_concurrently" time="0.307" /><testcase classname="tests.unit.api.test_routes_auth_timeouts" name="test_bulk_refresh_progress_counts_completions" time="0.030" /><testcase classname="tests.unit.api.test_routes_auth_timeouts" name="test_bulk_refresh_one_account_error_does_not_strand_siblings" time="0.017" /><testcase classname="tests.unit.api.test_settings_remote" name="test_get_defaults_on_fresh_db" time="0.035" /><testcase classname="tests.unit.api.test_settings_remote" name="test_get_reflects_active_plan_exactly" time="0.036" /><testcase classname="tests.unit.api.test_settings_remote" name="test_put_persists_bare_strings_and_round_trips" time="0.043" /><testcase classname="tests.unit.api.test_settings_remote" name="test_put_false_persists_false" time="0.036" /><testcase classname="tests.unit.api.test_settings_remote" name="test_put_invalid_scope_is_422" time="0.032" /><testcase classname="tests.unit.api.test_settings_remote" name="test_put_missing_field_is_422" time="0.026" /><testcase classname="tests.unit.api.test_settings_remote" name="test_generic_put_on_protected_key_is_422" time="0.026" /><testcase classname="tests.unit.api.test_settings_remote" name="test_generic_put_on_protected_scope_is_422" time="0.026" /><testcase classname="tests.unit.api.test_settings_remote" name="test_generic_delete_on_protected_key_is_422" time="0.030" /><testcase classname="tests.unit.api.test_settings_remote" name="test_put_remote_access_reaches_our_router_not_catch_all" time="0.033" /><testcase classname="tests.unit.api.test_settings_remote" name="test_restart_broadcasts_and_calls_handler_not_execv" time="1.532" /><testcase classname="tests.unit.api.test_settings_remote" name="test_restart_payload_mirrors_saved_settings" time="1.551" /><testcase classname="tests.unit.api.test_settings_remote" name="test_restart_returns_409_when_already_in_progress" time="0.033" /><testcase classname="tests.unit.api.test_settings_remote" name="test_restart_lock_released_if_body_raises_before_thread_starts" time="0.038" /><testcase classname="tests.unit.api.test_settings_remote" name="test_restart_lock_is_reacquirable_after_handler_path_completes" time="1.535" /><testcase classname="tests.unit.api.test_settings_remote" name="test_put_remote_access_foreign_origin_is_csrf_403" time="0.032" /><testcase classname="tests.unit.api.test_settings_remote" name="test_post_restart_foreign_origin_is_csrf_403" time="0.026" /><testcase classname="tests.unit.api.test_settings_remote" name="test_post_restart_origin_null_is_csrf_403" time="0.026" /><testcase classname="tests.unit.api.test_settings_remote" name="test_put_remote_access_rebinding_host_is_421" time="0.027" /><testcase classname="tests.unit.api.test_settings_remote" name="test_csrf_guard_holds_even_when_bound_all_interfaces" time="0.028" /><testcase classname="tests.unit.api.test_sweep_heartbeat" name="test_heartbeat_fires_when_window_keeper_disabled" time="0.315" /><testcase classname="tests.unit.api.test_sweep_heartbeat" name="test_heartbeat_includes_monotonic_iteration_count" time="0.218" /><testcase classname="tests.unit.chat.test_integration" name="test_cli_connects_and_sends_init" time="0.004" /><testcase classname="tests.unit.chat.test_integration" name="test_bidirectional_message_flow" time="0.004" /><testcase classname="tests.unit.chat.test_integration" name="test_permission_request_response_cycle" time="0.003" /><testcase classname="tests.unit.chat.test_integration" name="test_keepalive_passthrough" time="0.003" /><testcase classname="tests.unit.chat.test_integration" name="test_rapid_sequential_messages" time="0.004" /><testcase classname="tests.unit.chat.test_integration" name="test_result_message_ends_session" time="0.003" /><testcase classname="tests.unit.chat.test_protocol" name="test_parse_valid_json" time="0.001" /><testcase classname="tests.unit.chat.test_protocol" name="test_parse_with_trailing_newline" time="0.001" /><testcase classname="tests.unit.chat.test_protocol" name="test_parse_empty_line_returns_none" time="0.001" /><testcase classname="tests.unit.chat.test_protocol" name="test_parse_malformed_json_returns_none" time="0.001" /><testcase classname="tests.unit.chat.test_protocol" name="test_parse_nested_content_blocks" time="0.001" /><testcase classname="tests.unit.chat.test_protocol" name="test_build_produces_compact_json_with_newline" time="0.001" /><testcase classname="tests.unit.chat.test_protocol" name="test_build_roundtrip" time="0.001" /><testcase classname="tests.unit.chat.test_protocol" name="test_classify_persistable_types" time="0.001" /><testcase classname="tests.unit.chat.test_protocol" name="test_classify_system_init_persistable" time="0.001" /><testcase classname="tests.unit.chat.test_protocol" name="test_classify_system_non_init_ephemeral" time="0.001" /><testcase classname="tests.unit.chat.test_protocol" name="test_classify_ephemeral_types" time="0.001" /><testcase classname="tests.unit.chat.test_protocol" name="test_classify_control_types" time="0.001" /><testcase classname="tests.unit.chat.test_protocol" name="test_classify_unknown_type" time="0.001" /><testcase classname="tests.unit.chat.test_protocol" name="test_classify_missing_type_key" time="0.001" /><testcase classname="tests.unit.chat.test_protocol" name="test_build_user_message_first_prompt" time="0.001" /><testcase classname="tests.unit.chat.test_protocol" name="test_build_user_message_subsequent" time="0.001" /><testcase classname="tests.unit.chat.test_protocol" name="test_build_allow_response" time="0.001" /><testcase classname="tests.unit.chat.test_protocol" name="test_build_deny_response" time="0.001" /><testcase classname="tests.unit.chat.test_protocol" name="test_control_response_has_request_id" time="0.001" /><testcase classname="tests.unit.chat.test_protocol" name="test_extract_type_and_subtype" time="0.001" /><testcase classname="tests.unit.chat.test_protocol" name="test_extract_type_only" time="0.001" /><testcase classname="tests.unit.chat.test_protocol" name="test_extract_missing_type" time="0.001" /><testcase classname="tests.unit.service.test_bind" name="test_cli_host_beats_db_enabled_all" time="0.003" /><testcase classname="tests.unit.service.test_bind" name="test_cli_host_all_interfaces_single_address" time="0.002" /><testcase classname="tests.unit.service.test_bind" name="test_db_used_when_no_cli_host" time="0.004" /><testcase classname="tests.unit.service.test_bind" name="test_loopback_when_neither" time="0.003" /><testcase classname="tests.unit.service.test_bind" name="test_absent_keys_loopback" time="0.004" /><testcase classname="tests.unit.service.test_bind" name="test_enabled_false_loopback" time="0.003" /><testcase classname="tests.unit.service.test_bind" name="test_enabled_garbage_loopback" time="0.003" /><testcase classname="tests.unit.service.test_bind" name="test_scope_all" time="0.003" /><testcase classname="tests.unit.service.test_bind" name="test_scope_tailscale_found" time="0.003" /><testcase classname="tests.unit.service.test_bind" name="test_scope_tailscale_not_found_fallback" time="0.004" /><testcase classname="tests.unit.service.test_bind" name="test_missing_scope_defaults_to_tailscale" time="0.004" /><testcase classname="tests.unit.service.test_bind" name="test_garbage_scope_defaults_to_tailscale_and_warns" time="0.004" /><testcase classname="tests.unit.service.test_bind" name="test_db_read_error_falls_back_to_loopback" time="0.002" /><testcase classname="tests.unit.service.test_bind" name="test_default_db_constructed_lazily_when_none" time="0.004" /><testcase classname="tests.unit.service.test_bind" name="test_socket_set_all_is_exclusive" time="0.003" /><testcase classname="tests.unit.service.test_bind" name="test_socket_set_tailscale_found_pairs_loopback_and_ip" time="0.004" /><testcase classname="tests.unit.service.test_bind" name="test_socket_set_fallback_is_loopback_only" time="0.008" /><testcase classname="tests.unit.service.test_bind" name="test_as_effective_shape" time="0.002" /><testcase classname="tests.unit.service.test_bind" name="test_bindplan_is_frozen" time="0.002" /><testcase classname="tests.unit.service.test_bind" name="test_probe_host_loopback_is_loopback" time="0.002" /><testcase classname="tests.unit.service.test_bind" name="test_probe_host_tailscale_is_loopback" time="0.002" /><testcase classname="tests.unit.service.test_bind" name="test_probe_host_all_is_loopback" time="0.002" /><testcase classname="tests.unit.service.test_bind" name="test_probe_host_cli_is_primary_host" time="0.002" /><testcase classname="tests.unit.service.test_bind" name="test_detect_udp_in_range_short_circuits_cli" time="0.003" /><testcase classname="tests.unit.service.test_bind" name="test_detect_udp_out_of_range_falls_to_cli" time="0.003" /><testcase classname="tests.unit.service.test_bind" name="test_detect_udp_oserror_falls_to_cli" time="0.003" /><testcase classname="tests.unit.service.test_bind" name="test_detect_cli_success" time="0.003" /><testcase classname="tests.unit.service.test_bind" name="test_detect_cli_file_not_found" time="0.003" /><testcase classname="tests.unit.service.test_bind" name="test_detect_cli_timeout" time="0.003" /><testcase classname="tests.unit.service.test_bind" name="test_detect_cli_nonzero_exit" time="0.003" /><testcase classname="tests.unit.service.test_bind" name="test_detect_cli_garbage_stdout" time="0.003" /><testcase classname="tests.unit.service.test_bind" name="test_detect_cli_out_of_range_stdout" time="0.003" /><testcase classname="tests.unit.service.test_bind" name="test_detect_rejects_cgnat_boundary" time="0.003" /><testcase classname="tests.unit.service.test_bind" name="test_detect_both_fail_returns_none" time="0.003" /><testcase classname="tests.unit.service.test_bind" name="test_create_sockets_two_loopback_ephemeral" time="0.002" /><testcase classname="tests.unit.service.test_bind" name="test_create_sockets_single_loopback" time="0.002" /><testcase classname="tests.unit.service.test_bind" name="test_create_sockets_conflict_names_address_and_closes_earlier" time="0.003" /><testcase classname="tests.unit.service.test_bind" name="test_create_sockets_conflict_on_occupied_port" time="0.002" /><testcase classname="tests.unit.service.test_bind" name="test_create_sockets_uses_reuseaddr_on_posix" time="0.003" /><testcase classname="tests.unit.service.test_bind" name="test_create_sockets_uses_exclusiveaddruse_on_windows" time="0.002" /><testcase classname="tests.unit.service.test_cli.TestSpawnServiceDetachedArgv" name="test_no_host_omits_host_flag" time="0.003" /><testcase classname="tests.unit.service.test_cli.TestSpawnServiceDetachedArgv" name="test_explicit_host_includes_host_flag" time="0.003" /><testcase classname="tests.unit.service.test_cli.TestWebuxHostResolution" name="test_webux_sets_jacked_host_from_plan_and_passes_sockets" time="0.005" /><testcase classname="tests.unit.service.test_cli.TestWebuxHostResolution" name="test_webux_reload_is_single_host_and_skips_resolve_bind" time="0.004" /><testcase classname="tests.unit.service.test_cli.TestServiceStatus" name="test_status_when_not_running" time="0.004" /><testcase classname="tests.unit.service.test_cli.TestServiceStatus" name="test_status_when_running" time="0.011" /><testcase classname="tests.unit.service.test_cli.TestServiceStop" name="test_stop_when_not_running" time="0.004" /><testcase classname="tests.unit.service.test_cli.TestServiceStop" name="test_stop_reports_ok_on_clean_stop" time="0.003" /><testcase classname="tests.unit.service.test_cli.TestServiceStop" name="test_stop_reports_when_sigkill_needed" time="0.003" /><testcase classname="tests.unit.service.test_cli.TestServiceStop" name="test_stop_exits_nonzero_when_kill_fails" time="0.003" /><testcase classname="tests.unit.service.test_cli.TestServiceInstall" name="test_install_calls_platform" time="0.003" /><testcase classname="tests.unit.service.test_cli.TestServiceUninstall" name="test_uninstall_calls_platform" time="0.003" /><testcase classname="tests.unit.service.test_cli.TestServiceInstallError" name="test_install_shows_error_when_binary_not_found" time="0.003" /><testcase classname="tests.unit.service.test_cli.TestServiceInstallError" name="test_install_shows_ok_on_success" time="0.004" /><testcase classname="tests.unit.service.test_cli.TestServiceRestart" name="test_restart_when_not_running_starts_fresh_detached" time="0.004" /><testcase classname="tests.unit.service.test_cli.TestServiceRestart" name="test_restart_waits_for_pid_and_port" time="0.004" /><testcase classname="tests.unit.service.test_cli.TestServiceRestart" name="test_restart_aborts_when_port_stays_bound" time="0.003" /><testcase classname="tests.unit.service.test_cli.TestServiceRestart" name="test_restart_foreground_blocks_on_ServiceRunner" time="0.003" /><testcase classname="tests.unit.service.test_cli.TestServiceRestartAutoInstall" name="test_already_installed_runs_kickstart" time="0.003" /><testcase classname="tests.unit.service.test_cli.TestServiceRestartAutoInstall" name="test_just_installed_skips_kickstart" time="0.003" /><testcase classname="tests.unit.service.test_cli.TestServiceRestartAutoInstall" name="test_unavailable_falls_back_to_manual" time="0.009" /><testcase classname="tests.unit.service.test_cli.TestStartCommand" name="test_noop_when_already_healthy" time="0.003" /><testcase classname="tests.unit.service.test_cli.TestStartCommand" name="test_cold_start_when_down" time="0.003" /><testcase classname="tests.unit.service.test_cli.TestStartCommand" name="test_clears_stale_pid_then_starts" time="0.004" /><testcase classname="tests.unit.service.test_cli.TestStartCommand" name="test_restarts_when_alive_but_not_responding" time="0.003" /><testcase classname="tests.unit.service.test_cli.TestStartCommand" name="test_force_restart_when_healthy" time="0.004" /><testcase classname="tests.unit.service.test_cli.TestStartCommand" name="test_aborts_when_port_held_by_other" time="0.003" /><testcase classname="tests.unit.service.test_cli.TestStartCommand" name="test_exits_nonzero_when_never_ready" time="0.003" /><testcase classname="tests.unit.service.test_cli.TestServiceStartBootMigration" name="test_respawn_argv_is_neutralized_and_db_migrated" time="0.007" /><testcase classname="tests.unit.service.test_cli.TestServiceStartBootMigration" name="test_different_typed_host_is_honored_as_one_shot" time="0.007" /><testcase classname="tests.unit.service.test_cli.TestServiceStartBootMigration" name="test_no_artifact_honors_typed_host" time="0.004" /><testcase classname="tests.unit.service.test_cli.TestServiceStartBootMigration" name="test_hostfree_artifact_leaves_argv_alone" time="0.006" /><testcase classname="tests.unit.service.test_cli.TestServiceStartBootMigration" name="test_migration_guard_never_clobbers_gui_choice" time="0.007" /><testcase classname="tests.unit.service.test_cli.TestServiceStartBootMigration" name="test_stale_launchd_replay_is_ignored_when_db_configured" time="0.006" /><testcase classname="tests.unit.service.test_cli.TestServiceStartBootMigration" name="test_hostfree_artifact_honors_typed_host_when_db_unconfigured" time="0.005" /><testcase classname="tests.unit.service.test_cli.TestServiceInstallRemoteAccessParity" name="test_all_interfaces_writes_enabled_all" time="0.005" /><testcase classname="tests.unit.service.test_cli.TestServiceInstallRemoteAccessParity" name="test_tailscale_ip_writes_enabled_tailscale" time="0.005" /><testcase classname="tests.unit.service.test_cli.TestServiceInstallRemoteAccessParity" name="test_loopback_writes_disabled" time="0.005" /><testcase classname="tests.unit.service.test_cli.TestServiceInstallRemoteAccessParity" name="test_overwrites_existing_setting" time="0.005" /><testcase classname="tests.unit.service.test_cli.TestServiceInstallRemoteAccessParity" name="test_unmapped_ip_is_one_shot_pass_through" time="0.005" /><testcase classname="tests.unit.service.test_cli.TestServiceRestartRemoteAccessParity" name="test_all_interfaces_writes_db_then_native_restart" time="0.005" /><testcase classname="tests.unit.service.test_cli.TestServiceRestartRemoteAccessParity" name="test_loopback_disables_then_restarts" time="0.005" /><testcase classname="tests.unit.service.test_cli.TestServiceRestartRemoteAccessParity" name="test_mapped_host_spawn_argv_is_hostfree" time="0.006" /><testcase classname="tests.unit.service.test_cli.TestServiceRestartRemoteAccessParity" name="test_unmapped_ip_one_shot_passes_through_spawn" time="0.006" /><testcase classname="tests.unit.service.test_ensure_native_lifecycle.TestMacOS" name="test_returns_already_installed_when_plist_exists" time="0.003" /><testcase classname="tests.unit.service.test_ensure_native_lifecycle.TestMacOS" name="test_calls_install_autostart_when_plist_missing" time="0.014" /><testcase classname="tests.unit.service.test_ensure_native_lifecycle.TestMacOS" name="test_returns_false_when_install_autostart_cannot_find_jacked" time="0.002" /><testcase classname="tests.unit.service.test_ensure_native_lifecycle.TestLinux" name="test_returns_already_installed_when_unit_exists" time="0.004" /><testcase classname="tests.unit.service.test_ensure_native_lifecycle.TestLinux" name="test_returns_unavailable_when_unit_missing" time="0.002" /><testcase classname="tests.unit.service.test_ensure_native_lifecycle.TestWindows" name="test_windows_returns_unavailable" time="0.002" /><testcase classname="tests.unit.service.test_menubar_platform" name="test_select_menubar_backend[darwin-True-mac]" time="0.002" /><testcase classname="tests.unit.service.test_menubar_platform" name="test_select_menubar_backend[darwin-False-pystray]" time="0.002" /><testcase classname="tests.unit.service.test_menubar_platform" name="test_select_menubar_backend[win32-True-pystray]" time="0.003" /><testcase classname="tests.unit.service.test_menubar_platform" name="test_select_menubar_backend[win32-False-pystray]" time="0.002" /><testcase classname="tests.unit.service.test_menubar_platform" name="test_select_menubar_backend[linux-True-pystray]" time="0.003" /><testcase classname="tests.unit.service.test_menubar_platform" name="test_select_menubar_backend[linux-False-pystray]" time="0.002" /><testcase classname="tests.unit.service.test_menubar_platform" name="test_run_dispatches_to_mac_on_darwin" time="0.003" /><testcase classname="tests.unit.service.test_menubar_platform" name="test_run_uses_pystray_off_darwin" time="0.003" /><testcase classname="tests.unit.service.test_menubar_platform" name="test_run_uses_pystray_when_mac_deps_missing_on_darwin" time="0.003" /><testcase classname="tests.unit.service.test_menubar_platform" name="test_menubar_mac_importable_and_loopback" time="0.003" /><testcase classname="tests.unit.service.test_menubar_platform" name="test_mac_menubar_available_matches_platform" time="0.002" /><testcase classname="tests.unit.service.test_menubar_platform" name="test_status_icon_has_update_badge_variant" time="0.003"><skipped type="pytest.skip" message="rumps/pyobjc/PIL unavailable">C:\Users\ADMIN\Documents\Code\PixelOffice-v2\backends\manager\tests\unit\service\test_menubar_platform.py:113: rumps/pyobjc/PIL unavailable</skipped></testcase><testcase classname="tests.unit.service.test_menubar_platform" name="test_mac_app_wires_version_update_menu_handlers" time="0.002"><skipped type="pytest.skip" message="rumps/pyobjc unavailable">C:\Users\ADMIN\Documents\Code\PixelOffice-v2\backends\manager\tests\unit\service\test_menubar_platform.py:136: rumps/pyobjc unavailable</skipped></testcase><testcase classname="tests.unit.service.test_menubar_platform" name="test_osa_quote_escapes_applescript_literals" time="0.003"><skipped type="pytest.skip" message="rumps/pyobjc unavailable">C:\Users\ADMIN\Documents\Code\PixelOffice-v2\backends\manager\tests\unit\service\test_menubar_platform.py:153: rumps/pyobjc unavailable</skipped></testcase><testcase classname="tests.unit.service.test_menubar_platform" name="test_mac_notify_invokes_osascript_display_notification" time="0.002"><skipped type="pytest.skip" message="rumps/pyobjc unavailable">C:\Users\ADMIN\Documents\Code\PixelOffice-v2\backends\manager\tests\unit\service\test_menubar_platform.py:169: rumps/pyobjc unavailable</skipped></testcase><testcase classname="tests.unit.service.test_menubar_platform" name="test_cli_menubar_rejects_non_darwin" time="0.003" /><testcase classname="tests.unit.service.test_menubar_summary" name="test_usage_color_class_thresholds[0-green]" time="0.003" /><testcase classname="tests.unit.service.test_menubar_summary" name="test_usage_color_class_thresholds[50-green]" time="0.002" /><testcase classname="tests.unit.service.test_menubar_summary" name="test_usage_color_class_thresholds[70.9-green]" time="0.003" /><testcase classname="tests.unit.service.test_menubar_summary" name="test_usage_color_class_thresholds[71-yellow]" time="0.003" /><testcase classname="tests.unit.service.test_menubar_summary" name="test_usage_color_class_thresholds[80-yellow]" time="0.003" /><testcase classname="tests.unit.service.test_menubar_summary" name="test_usage_color_class_thresholds[89.9-yellow]" time="0.004" /><testcase classname="tests.unit.service.test_menubar_summary" name="test_usage_color_class_thresholds[90-red]" time="0.004" /><testcase classname="tests.unit.service.test_menubar_summary" name="test_usage_color_class_thresholds[95-red]" time="0.004" /><testcase classname="tests.unit.service.test_menubar_summary" name="test_usage_color_class_thresholds[100-red]" time="0.005" /><testcase classname="tests.unit.service.test_menubar_summary" name="test_usage_color_class_thresholds[150-red]" time="0.006" /><testcase classname="tests.unit.service.test_menubar_summary" name="test_usage_color_class_thresholds[None-green]" time="0.005" /><testcase classname="tests.unit.service.test_menubar_summary" name="test_summarize_account" time="0.003" /><testcase classname="tests.unit.service.test_menubar_summary" name="test_summarize_account_none_without_usage" time="0.004" /><testcase classname="tests.unit.service.test_menubar_summary" name="test_active_summary_tracks_the_active_account_not_the_worst" time="0.003" /><testcase classname="tests.unit.service.test_menubar_summary" name="test_active_summary_none_when_no_active_id" time="0.004" /><testcase classname="tests.unit.service.test_menubar_summary" name="test_active_summary_none_when_active_not_found" time="0.006" /><testcase classname="tests.unit.service.test_menubar_summary" name="test_active_summary_none_when_active_disabled_or_deleted" time="0.006" /><testcase classname="tests.unit.service.test_menubar_summary" name="test_active_summary_none_when_active_has_no_usage" time="0.002" /><testcase classname="tests.unit.service.test_menubar_summary" name="test_picks_highest_utilization_account_and_class" time="0.002" /><testcase classname="tests.unit.service.test_menubar_summary" name="test_worst_can_be_driven_by_seven_day_window" time="0.002" /><testcase classname="tests.unit.service.test_menubar_summary" name="test_skips_disabled_deleted_and_usageless_accounts" time="0.002" /><testcase classname="tests.unit.service.test_menubar_summary" name="test_returns_none_when_no_usable_accounts" time="0.003" /><testcase classname="tests.unit.service.test_menubar_summary" name="test_boundary_exactly_71_and_90" time="0.002" /><testcase classname="tests.unit.service.test_menubar_summary" name="test_menubar_title_formats_and_rounds" time="0.003" /><testcase classname="tests.unit.service.test_menubar_summary" name="test_menubar_title_has_no_color_glyph" time="0.002" /><testcase classname="tests.unit.service.test_menubar_summary" name="test_endpoint_returns_active_account" time="0.035" /><testcase classname="tests.unit.service.test_menubar_summary" name="test_endpoint_active_null_when_no_active_account" time="0.033" /><testcase classname="tests.unit.service.test_menubar_summary" name="test_endpoint_next_refresh_from_published_poll_schedule" time="0.033" /><testcase classname="tests.unit.service.test_menubar_summary" name="test_endpoint_next_refresh_falls_back_to_tier_estimate" time="0.033" /><testcase classname="tests.unit.service.test_menubar_summary" name="test_endpoint_degraded_when_db_unavailable" time="0.011" /><testcase classname="tests.unit.service.test_migrate.TestExtractBakedHostPlist" name="test_extracts_host[0.0.0.0]" time="0.002" /><testcase classname="tests.unit.service.test_migrate.TestExtractBakedHostPlist" name="test_extracts_host[100.77.1.2]" time="0.002" /><testcase classname="tests.unit.service.test_migrate.TestExtractBakedHostPlist" name="test_extracts_host[127.0.0.1]" time="0.002" /><testcase classname="tests.unit.service.test_migrate.TestExtractBakedHostPlist" name="test_no_host_pair_returns_none" time="0.002" /><testcase classname="tests.unit.service.test_migrate.TestExtractBakedHostPlist" name="test_malformed_returns_none_without_raising[]" time="0.002" /><testcase classname="tests.unit.service.test_migrate.TestExtractBakedHostPlist" name="test_malformed_returns_none_without_raising[not xml at all]" time="0.002" /><testcase classname="tests.unit.service.test_migrate.TestExtractBakedHostPlist" name="test_malformed_returns_none_without_raising[&lt;plist&gt;&lt;string&gt;--host&lt;/string&gt;]" time="0.002" /><testcase classname="tests.unit.service.test_migrate.TestExtractBakedHostPlist" name="test_malformed_returns_none_without_raising[&lt;string&gt;--host&lt;/string&gt;&lt;string&gt;&lt;/string&gt;]" time="0.002" /><testcase classname="tests.unit.service.test_migrate.TestExtractBakedHostPlist" name="test_malformed_returns_none_without_raising[\x00\x01 binary garbage \xff]" time="0.002" /><testcase classname="tests.unit.service.test_migrate.TestExtractBakedHostPlist" name="test_none_input_does_not_raise" time="0.002" /><testcase classname="tests.unit.service.test_migrate.TestExtractBakedHostPlist" name="test_unknown_kind_returns_none" time="0.002" /><testcase classname="tests.unit.service.test_migrate.TestExtractBakedHostVbs" name="test_extracts_host_both_branches[0.0.0.0-_vbs_pythonw]" time="0.002" /><testcase classname="tests.unit.service.test_migrate.TestExtractBakedHostVbs" name="test_extracts_host_both_branches[0.0.0.0-_vbs_exe]" time="0.002" /><testcase classname="tests.unit.service.test_migrate.TestExtractBakedHostVbs" name="test_extracts_host_both_branches[100.77.1.2-_vbs_pythonw]" time="0.002" /><testcase classname="tests.unit.service.test_migrate.TestExtractBakedHostVbs" name="test_extracts_host_both_branches[100.77.1.2-_vbs_exe]" time="0.002" /><testcase classname="tests.unit.service.test_migrate.TestExtractBakedHostVbs" name="test_extracts_host_both_branches[127.0.0.1-_vbs_pythonw]" time="0.002" /><testcase classname="tests.unit.service.test_migrate.TestExtractBakedHostVbs" name="test_extracts_host_both_branches[127.0.0.1-_vbs_exe]" time="0.002" /><testcase classname="tests.unit.service.test_migrate.TestExtractBakedHostVbs" name="test_hostfree_returns_none_both_branches[_vbs_pythonw]" time="0.002" /><testcase classname="tests.unit.service.test_migrate.TestExtractBakedHostVbs" name="test_hostfree_returns_none_both_branches[_vbs_exe]" time="0.002" /><testcase classname="tests.unit.service.test_migrate.TestExtractBakedHostVbs" name="test_host_at_end_of_command_is_clean" time="0.002" /><testcase classname="tests.unit.service.test_migrate.TestExtractBakedHostVbs" name="test_malformed_returns_none_without_raising[]" time="0.002" /><testcase classname="tests.unit.service.test_migrate.TestExtractBakedHostVbs" name="test_malformed_returns_none_without_raising[WshShell garbage]" time="0.002" /><testcase classname="tests.unit.service.test_migrate.TestExtractBakedHostVbs" name="test_malformed_returns_none_without_raising[--host]" time="0.002" /><testcase classname="tests.unit.service.test_migrate.TestStripBakedHost" name="test_plist_strip_removes_only_the_host_pair[0.0.0.0]" time="0.002" /><testcase classname="tests.unit.service.test_migrate.TestStripBakedHost" name="test_plist_strip_removes_only_the_host_pair[100.77.1.2]" time="0.002" /><testcase classname="tests.unit.service.test_migrate.TestStripBakedHost" name="test_plist_strip_removes_only_the_host_pair[127.0.0.1]" time="0.002" /><testcase classname="tests.unit.service.test_migrate.TestStripBakedHost" name="test_plist_strip_is_idempotent_on_hostfree_text" time="0.002" /><testcase classname="tests.unit.service.test_migrate.TestStripBakedHost" name="test_vbs_strip_removes_host_keeps_port[_vbs_pythonw]" time="0.002" /><testcase classname="tests.unit.service.test_migrate.TestStripBakedHost" name="test_vbs_strip_removes_host_keeps_port[_vbs_exe]" time="0.002" /><testcase classname="tests.unit.service.test_migrate.TestStripBakedHost" name="test_vbs_strip_is_idempotent_on_hostfree_text" time="0.002" /><testcase classname="tests.unit.service.test_migrate.TestStripBakedHost" name="test_unknown_kind_returns_text_unchanged" time="0.002" /><testcase classname="tests.unit.service.test_migrate.TestMapHostToSetting" name="test_all_interfaces" time="0.002" /><testcase classname="tests.unit.service.test_migrate.TestMapHostToSetting" name="test_tailscale_cgnat_range[100.64.0.1]" time="0.002" /><testcase classname="tests.unit.service.test_migrate.TestMapHostToSetting" name="test_tailscale_cgnat_range[100.77.1.2]" time="0.002" /><testcase classname="tests.unit.service.test_migrate.TestMapHostToSetting" name="test_tailscale_cgnat_range[100.127.255.254]" time="0.002" /><testcase classname="tests.unit.service.test_migrate.TestMapHostToSetting" name="test_loopback[127.0.0.1]" time="0.002" /><testcase classname="tests.unit.service.test_migrate.TestMapHostToSetting" name="test_loopback[localhost]" time="0.002" /><testcase classname="tests.unit.service.test_migrate.TestMapHostToSetting" name="test_unmapped_specific_ip_returns_none[192.168.1.5]" time="0.002" /><testcase classname="tests.unit.service.test_migrate.TestMapHostToSetting" name="test_unmapped_specific_ip_returns_none[10.0.0.7]" time="0.002" /><testcase classname="tests.unit.service.test_migrate.TestMapHostToSetting" name="test_unmapped_specific_ip_returns_none[100.128.0.1]" time="0.002" /><testcase classname="tests.unit.service.test_migrate.TestMapHostToSetting" name="test_unmapped_specific_ip_returns_none[example.ts.net]" time="0.002" /><testcase classname="tests.unit.service.test_migrate.TestMapHostToSetting" name="test_unmapped_specific_ip_returns_none[::1]" time="0.002" /><testcase classname="tests.unit.service.test_migrate.TestMigrateBakedHostToDb" name="test_all_interfaces_writes_enabled_all_when_absent" time="0.004" /><testcase classname="tests.unit.service.test_migrate.TestMigrateBakedHostToDb" name="test_tailscale_ip_writes_enabled_tailscale_when_absent" time="0.004" /><testcase classname="tests.unit.service.test_migrate.TestMigrateBakedHostToDb" name="test_loopback_never_writes[127.0.0.1]" time="0.004" /><testcase classname="tests.unit.service.test_migrate.TestMigrateBakedHostToDb" name="test_loopback_never_writes[localhost]" time="0.003" /><testcase classname="tests.unit.service.test_migrate.TestMigrateBakedHostToDb" name="test_unmapped_ip_never_writes_and_info_logs" time="0.004" /><testcase classname="tests.unit.service.test_migrate.TestMigrateBakedHostToDb" name="test_never_overwrites_existing_enabled_false" time="0.004" /><testcase classname="tests.unit.service.test_migrate.TestMigrateBakedHostToDb" name="test_never_overwrites_existing_enabled_true_scope" time="0.003" /><testcase classname="tests.unit.service.test_migrate.TestMigrateBakedHostToDb" name="test_db_error_is_swallowed_and_described" time="0.002" /><testcase classname="tests.unit.service.test_migrate.TestMigrateBakedHostToDb" name="test_scope_written_before_guard_key_so_partial_write_self_heals" time="0.002" /><testcase classname="tests.unit.service.test_migrate.TestRemoteAccessConfigured" name="test_absent_key_is_unconfigured" time="0.003" /><testcase classname="tests.unit.service.test_migrate.TestRemoteAccessConfigured" name="test_present_enabled_true_is_configured" time="0.004" /><testcase classname="tests.unit.service.test_migrate.TestRemoteAccessConfigured" name="test_present_enabled_false_is_still_configured" time="0.004" /><testcase classname="tests.unit.service.test_migrate.TestRemoteAccessConfigured" name="test_db_error_treated_as_unconfigured_without_raising" time="0.002" /><testcase classname="tests.unit.service.test_multi_socket_serving" name="test_two_prebound_sockets_both_answer_health" time="0.611" /><testcase classname="tests.unit.service.test_native_restart.TestMacOS" name="test_kickstart_called_when_plist_exists" time="0.003" /><testcase classname="tests.unit.service.test_native_restart.TestMacOS" name="test_fallback_when_plist_missing" time="0.002" /><testcase classname="tests.unit.service.test_native_restart.TestMacOS" name="test_fallback_when_launchctl_nonzero" time="0.003" /><testcase classname="tests.unit.service.test_native_restart.TestLinux" name="test_systemctl_called_when_user_unit_exists" time="0.003" /><testcase classname="tests.unit.service.test_native_restart.TestLinux" name="test_fallback_when_no_user_unit" time="0.003" /><testcase classname="tests.unit.service.test_native_restart.TestWindows" name="test_always_returns_false" time="0.002" /><testcase classname="tests.unit.service.test_native_restart.TestServiceRestartCli" name="test_cli_defers_to_native_when_available" time="0.003" /><testcase classname="tests.unit.service.test_native_restart.TestServiceRestartCli" name="test_cli_falls_back_when_native_restart_fails" time="0.009" /><testcase classname="tests.unit.service.test_native_restart.TestServiceRestartCli" name="test_cli_foreground_skips_native_handoff" time="0.004" /><testcase classname="tests.unit.service.test_native_restart.TestUpdaterUsesNativeRestart" name="test_starting_service_uses_native_when_available" time="0.139" /><testcase classname="tests.unit.service.test_native_restart.TestUpdaterUsesNativeRestart" name="test_starting_service_falls_back_when_no_native" time="0.097" /><testcase classname="tests.unit.service.test_phase_drift" name="test_updater_py_covers_all_phases" time="0.003"><failure message="  File &quot;&lt;unknown&gt;&quot;, line 1&#10;    ﻿&quot;&quot;&quot;Detached auto-updater.&#10;    ^&#10;SyntaxError: invalid non-printable character U+FEFF">E     File "&lt;unknown&gt;", line 1
        ﻿"""Detached auto-updater.
        ^
    SyntaxError: invalid non-printable character U+FEFF</failure></testcase><testcase classname="tests.unit.service.test_phase_drift" name="test_windows_batch_body_contains_every_phase" time="0.008"><failure message="ModuleNotFoundError: No module named 'jacked'">E   ModuleNotFoundError: No module named 'jacked'</failure></testcase><testcase classname="tests.unit.service.test_phase_drift" name="test_update_html_still_embeds_every_phase" time="0.003" /><testcase classname="tests.unit.service.test_platform.TestGenerateLaunchdPlist" name="test_contains_label" time="0.002" /><testcase classname="tests.unit.service.test_platform.TestGenerateLaunchdPlist" name="test_contains_binary_path" time="0.002" /><testcase classname="tests.unit.service.test_platform.TestGenerateLaunchdPlist" name="test_contains_run_at_load" time="0.002" /><testcase classname="tests.unit.service.test_platform.TestGenerateLaunchdPlist" name="test_contains_keep_alive" time="0.002" /><testcase classname="tests.unit.service.test_platform.TestGenerateLaunchdPlist" name="test_keep_alive_scoped_to_crash_only" time="0.002" /><testcase classname="tests.unit.service.test_platform.TestGenerateLaunchdPlist" name="test_custom_port_in_args" time="0.002" /><testcase classname="tests.unit.service.test_platform.TestGenerateLaunchdPlist" name="test_log_path_in_plist" time="0.002" /><testcase classname="tests.unit.service.test_platform.TestGenerateLaunchdPlist" name="test_no_baked_host" time="0.002" /><testcase classname="tests.unit.service.test_platform.TestGenerateWindowsVbs" name="test_prefers_pythonw_when_present" time="0.003" /><testcase classname="tests.unit.service.test_platform.TestGenerateWindowsVbs" name="test_falls_back_to_jacked_exe_without_pythonw" time="0.002" /><testcase classname="tests.unit.service.test_platform.TestGenerateWindowsVbs" name="test_hidden_window" time="0.002" /><testcase classname="tests.unit.service.test_platform.TestGenerateWindowsVbs" name="test_custom_port_in_vbs" time="0.002" /><testcase classname="tests.unit.service.test_platform.TestGenerateWindowsVbs" name="test_no_baked_host_pythonw_branch" time="0.002" /><testcase classname="tests.unit.service.test_platform.TestGenerateWindowsVbs" name="test_no_baked_host_jacked_exe_branch" time="0.002" /><testcase classname="tests.unit.service.test_platform.TestDetectAutostart" name="test_darwin_detects_plist" time="0.003" /><testcase classname="tests.unit.service.test_platform.TestDetectAutostart" name="test_darwin_no_plist" time="0.002" /><testcase classname="tests.unit.service.test_platform.TestDetectAutostart" name="test_win32_detects_vbs" time="0.003" /><testcase classname="tests.unit.service.test_platform.TestDetectAutostart" name="test_win32_no_vbs" time="0.002" /><testcase classname="tests.unit.service.test_platform.TestInstallAutostart" name="test_darwin_writes_plist_and_bootstraps" time="0.012" /><testcase classname="tests.unit.service.test_platform.TestInstallAutostart" name="test_darwin_tolerates_bootout_not_loaded" time="0.004" /><testcase classname="tests.unit.service.test_platform.TestInstallAutostart" name="test_darwin_bootstrap_failure_returns_honest_status" time="0.003" /><testcase classname="tests.unit.service.test_platform.TestInstallAutostart" name="test_darwin_running_service_rewrites_file_only" time="0.005" /><testcase classname="tests.unit.service.test_platform.TestInstallAutostart" name="test_darwin_migrates_preexisting_baked_host" time="0.005" /><testcase classname="tests.unit.service.test_platform.TestInstallAutostart" name="test_win32_writes_vbs" time="0.004"><failure message="assert 'jacked' in 'Set WshShell = CreateObject(&quot;WScript.Shell&quot;)\nWshShell.Run &quot;&quot;&quot;C:\\Python313\\pythonw.exe&quot;&quot; -m manager service start --port 8321&quot;, 0, False\n'">E   assert 'jacked' in 'Set WshShell = CreateObject("WScript.Shell")\nWshShell.Run """C:\\Python313\\pythonw.exe"" -m manager service start --port 8321", 0, False\n'</failure></testcase><testcase classname="tests.unit.service.test_platform.TestInstallAutostart" name="test_win32_migrates_preexisting_baked_host" time="0.018" /><testcase classname="tests.unit.service.test_platform.TestUninstallAutostart" name="test_darwin_removes_plist" time="0.003" /><testcase classname="tests.unit.service.test_platform.TestUninstallAutostart" name="test_win32_removes_vbs" time="0.003" /><testcase classname="tests.unit.service.test_platform.TestInstallAutostartFailure" name="test_returns_error_when_jacked_not_on_path" time="0.002" /><testcase classname="tests.unit.service.test_platform.TestInstallAutostartFailure" name="test_plist_uses_resolved_binary_path" time="0.014" /><testcase classname="tests.unit.service.test_process.TestWritePid" name="test_writes_pid_to_file" time="0.004" /><testcase classname="tests.unit.service.test_process.TestWritePid" name="test_creates_parent_dirs" time="0.003" /><testcase classname="tests.unit.service.test_process.TestWritePid" name="test_overwrites_existing" time="0.008" /><testcase classname="tests.unit.service.test_process.TestReadPid" name="test_reads_valid_pid_file" time="0.003" /><testcase classname="tests.unit.service.test_process.TestReadPid" name="test_returns_none_for_missing_file" time="0.003" /><testcase classname="tests.unit.service.test_process.TestReadPid" name="test_returns_none_for_corrupt_file" time="0.003" /><testcase classname="tests.unit.service.test_process.TestReadPid" name="test_returns_none_for_empty_file" time="0.003" /><testcase classname="tests.unit.service.test_process.TestReadPid" name="test_handles_pid_only_no_port" time="0.003" /><testcase classname="tests.unit.service.test_process.TestRemovePid" name="test_removes_existing_file" time="0.003" /><testcase classname="tests.unit.service.test_process.TestRemovePid" name="test_no_error_on_missing_file" time="0.002" /><testcase classname="tests.unit.service.test_process.TestIsProcessAlive" name="test_current_process_is_alive" time="0.002" /><testcase classname="tests.unit.service.test_process.TestIsProcessAlive" name="test_nonexistent_pid_is_not_alive" time="0.002" /><testcase classname="tests.unit.service.test_process.TestIsProcessAlive" name="test_negative_or_zero_pid_is_not_alive" time="0.002" /><testcase classname="tests.unit.service.test_process.TestIsProcessAlive" name="test_exited_subprocess_reported_dead" time="0.125" /><testcase classname="tests.unit.service.test_process.TestIsProcessAlive" name="test_running_subprocess_reported_alive" time="0.208" /><testcase classname="tests.unit.service.test_process.TestCheckPort" name="test_unused_port_is_available" time="0.003" /><testcase classname="tests.unit.service.test_process.TestCheckPort" name="test_used_port_is_not_available" time="0.002" /><testcase classname="tests.unit.service.test_process.TestStopProcess" name="test_returns_false_for_no_pid_file" time="0.002" /><testcase classname="tests.unit.service.test_process.TestStopProcess" name="test_removes_stale_pid_file" time="0.004" /><testcase classname="tests.unit.service.test_process.TestStopProcess" name="test_sends_sigterm_on_unix" time="0.004" /><testcase classname="tests.unit.service.test_process.TestStopProcessGraceful" name="test_no_pid_file_returns_not_running" time="0.000"><skipped type="pytest.skip" message="POSIX signal semantics">C:\Users\ADMIN\Documents\Code\PixelOffice-v2\backends\manager\tests\unit\service\test_process.py:166: POSIX signal semantics</skipped></testcase><testcase classname="tests.unit.service.test_process.TestStopProcessGraceful" name="test_stale_pid_is_cleaned_up" time="0.000"><skipped type="pytest.skip" message="POSIX signal semantics">C:\Users\ADMIN\Documents\Code\PixelOffice-v2\backends\manager\tests\unit\service\test_process.py:172: POSIX signal semantics</skipped></testcase><testcase classname="tests.unit.service.test_process.TestStopProcessGraceful" name="test_sigterm_kills_cooperative_process" time="0.000"><skipped type="pytest.skip" message="POSIX signal semantics">C:\Users\ADMIN\Documents\Code\PixelOffice-v2\backends\manager\tests\unit\service\test_process.py:181: POSIX signal semantics</skipped></testcase><testcase classname="tests.unit.service.test_process.TestStopProcessGraceful" name="test_sigkill_escalates_when_sigterm_ignored" time="0.000"><skipped type="pytest.skip" message="POSIX signal semantics">C:\Users\ADMIN\Documents\Code\PixelOffice-v2\backends\manager\tests\unit\service\test_process.py:210: POSIX signal semantics</skipped></testcase><testcase classname="tests.unit.service.test_process.TestWaitForPortFree" name="test_returns_true_immediately_if_free" time="0.002" /><testcase classname="tests.unit.service.test_process.TestWaitForPortFree" name="test_returns_false_when_port_stays_bound" time="0.503" /><testcase classname="tests.unit.service.test_restart" name="test_set_get_round_trip" time="0.003" /><testcase classname="tests.unit.service.test_restart" name="test_restart_calls_registered_handler" time="0.002" /><testcase classname="tests.unit.service.test_restart" name="test_handler_systemexit_is_caught_and_logged" time="0.003" /><testcase classname="tests.unit.service.test_restart" name="test_handler_generic_exception_is_caught" time="0.004" /><testcase classname="tests.unit.service.test_restart" name="test_no_handler_calls_execv" time="0.002" /><testcase classname="tests.unit.service.test_restart" name="test_execv_failure_is_logged_loudly_and_reraised" time="0.003" /><testcase classname="tests.unit.service.test_restart" name="test_exec_target_console_script" time="0.003" /><testcase classname="tests.unit.service.test_restart" name="test_exec_target_python_dash_m" time="0.002" /><testcase classname="tests.unit.service.test_restart" name="test_exec_target_nonexecutable_argv0" time="0.003"><failure message="AssertionError: assert 'C:\\Users\\A...able0\\jacked' == 'C:\\Python313\\python.exe'&#10;  &#10;  - C:\Python313\python.exe&#10;  + C:\Users\ADMIN\AppData\Local\Temp\pytest-of-ADMIN\pytest-14\test_exec_target_nonexecutable0\jacked">E   AssertionError: assert 'C:\\Users\\A...able0\\jacked' == 'C:\\Python313\\python.exe'
      
      - C:\Python313\python.exe
      + C:\Users\ADMIN\AppData\Local\Temp\pytest-of-ADMIN\pytest-14\test_exec_target_nonexecutable0\jacked</failure></testcase><testcase classname="tests.unit.service.test_tray.TestCreateIcon" name="test_running_icon_is_64x64" time="0.002"><skipped type="pytest.skip" message="pystray/Pillow unavailable (missing or headless)">C:\Users\ADMIN\Documents\Code\PixelOffice-v2\backends\manager\tests\unit\service\test_tray.py:15: pystray/Pillow unavailable (missing or headless)</skipped></testcase><testcase classname="tests.unit.service.test_tray.TestCreateIcon" name="test_stopped_icon_is_64x64" time="0.003"><skipped type="pytest.skip" message="pystray/Pillow unavailable (missing or headless)">C:\Users\ADMIN\Documents\Code\PixelOffice-v2\backends\manager\tests\unit\service\test_tray.py:15: pystray/Pillow unavailable (missing or headless)</skipped></testcase><testcase classname="tests.unit.service.test_tray.TestCreateIcon" name="test_starting_icon_is_64x64" time="0.002"><skipped type="pytest.skip" message="pystray/Pillow unavailable (missing or headless)">C:\Users\ADMIN\Documents\Code\PixelOffice-v2\backends\manager\tests\unit\service\test_tray.py:15: pystray/Pillow unavailable (missing or headless)</skipped></testcase><testcase classname="tests.unit.service.test_tray.TestCreateIcon" name="test_different_states_produce_different_images" time="0.002"><skipped type="pytest.skip" message="pystray/Pillow unavailable (missing or headless)">C:\Users\ADMIN\Documents\Code\PixelOffice-v2\backends\manager\tests\unit\service\test_tray.py:15: pystray/Pillow unavailable (missing or headless)</skipped></testcase><testcase classname="tests.unit.service.test_tray.TestCreateIcon" name="test_unknown_state_defaults_to_stopped" time="0.003"><skipped type="pytest.skip" message="pystray/Pillow unavailable (missing or headless)">C:\Users\ADMIN\Documents\Code\PixelOffice-v2\backends\manager\tests\unit\service\test_tray.py:15: pystray/Pillow unavailable (missing or headless)</skipped></testcase><testcase classname="tests.unit.service.test_tray.TestCreateIcon" name="test_update_available_draws_blue_badge_dot" time="0.002"><skipped type="pytest.skip" message="pystray/Pillow unavailable (missing or headless)">C:\Users\ADMIN\Documents\Code\PixelOffice-v2\backends\manager\tests\unit\service\test_tray.py:15: pystray/Pillow unavailable (missing or headless)</skipped></testcase><testcase classname="tests.unit.service.test_tray.TestCreateIcon" name="test_no_badge_when_update_unavailable" time="0.003"><skipped type="pytest.skip" message="pystray/Pillow unavailable (missing or headless)">C:\Users\ADMIN\Documents\Code\PixelOffice-v2\backends\manager\tests\unit\service\test_tray.py:15: pystray/Pillow unavailable (missing or headless)</skipped></testcase><testcase classname="tests.unit.service.test_tray.TestGlyphFont" name="test_glyph_font_is_requested_size_not_tiny_default" time="0.003"><skipped type="pytest.skip" message="pystray/Pillow unavailable (missing or headless)">C:\Users\ADMIN\Documents\Code\PixelOffice-v2\backends\manager\tests\unit\service\test_tray.py:15: pystray/Pillow unavailable (missing or headless)</skipped></testcase><testcase classname="tests.unit.service.test_tray.TestGlyphFont" name="test_running_icon_has_visible_white_glyph" time="0.002"><skipped type="pytest.skip" message="pystray/Pillow unavailable (missing or headless)">C:\Users\ADMIN\Documents\Code\PixelOffice-v2\backends\manager\tests\unit\service\test_tray.py:15: pystray/Pillow unavailable (missing or headless)</skipped></testcase><testcase classname="tests.unit.service.test_tray.TestBuildMenu" name="test_menu_has_expected_items" time="0.003"><skipped type="pytest.skip" message="pystray/Pillow unavailable (missing or headless)">C:\Users\ADMIN\Documents\Code\PixelOffice-v2\backends\manager\tests\unit\service\test_tray.py:15: pystray/Pillow unavailable (missing or headless)</skipped></testcase><testcase classname="tests.unit.service.test_tray.TestServiceRunner" name="test_init_stores_config" time="0.002"><skipped type="pytest.skip" message="pystray/Pillow unavailable (missing or headless)">C:\Users\ADMIN\Documents\Code\PixelOffice-v2\backends\manager\tests\unit\service\test_tray.py:15: pystray/Pillow unavailable (missing or headless)</skipped></testcase><testcase classname="tests.unit.service.test_tray.TestServiceRunner" name="test_uvicorn_server_initialized_in_init" time="0.003"><skipped type="pytest.skip" message="pystray/Pillow unavailable (missing or headless)">C:\Users\ADMIN\Documents\Code\PixelOffice-v2\backends\manager\tests\unit\service\test_tray.py:15: pystray/Pillow unavailable (missing or headless)</skipped></testcase><testcase classname="tests.unit.service.test_tray.TestServiceRunner" name="test_start_uvicorn_thread_is_daemon" time="0.003"><skipped type="pytest.skip" message="pystray/Pillow unavailable (missing or headless)">C:\Users\ADMIN\Documents\Code\PixelOffice-v2\backends\manager\tests\unit\service\test_tray.py:15: pystray/Pillow unavailable (missing or headless)</skipped></testcase><testcase classname="tests.unit.service.test_tray.TestServiceRunner" name="test_start_uvicorn_reresolves_and_sets_env_from_plan" time="0.003"><skipped type="pytest.skip" message="pystray/Pillow unavailable (missing or headless)">C:\Users\ADMIN\Documents\Code\PixelOffice-v2\backends\manager\tests\unit\service\test_tray.py:15: pystray/Pillow unavailable (missing or headless)</skipped></testcase><testcase classname="tests.unit.service.test_tray.TestServiceRunner" name="test_start_uvicorn_cold_start_raises_systemexit_on_bind_conflict" time="0.003"><skipped type="pytest.skip" message="pystray/Pillow unavailable (missing or headless)">C:\Users\ADMIN\Documents\Code\PixelOffice-v2\backends\manager\tests\unit\service\test_tray.py:15: pystray/Pillow unavailable (missing or headless)</skipped></testcase><testcase classname="tests.unit.service.test_tray.TestServiceRunner" name="test_start_uvicorn_restart_raises_oserror_not_systemexit" time="0.003"><skipped type="pytest.skip" message="pystray/Pillow unavailable (missing or headless)">C:\Users\ADMIN\Documents\Code\PixelOffice-v2\backends\manager\tests\unit\service\test_tray.py:15: pystray/Pillow unavailable (missing or headless)</skipped></testcase><testcase classname="tests.unit.service.test_tray.TestServiceRunner" name="test_on_restart_handles_exception" time="0.003"><skipped type="pytest.skip" message="pystray/Pillow unavailable (missing or headless)">C:\Users\ADMIN\Documents\Code\PixelOffice-v2\backends\manager\tests\unit\service\test_tray.py:15: pystray/Pillow unavailable (missing or headless)</skipped></testcase><testcase classname="tests.unit.service.test_tray.TestServiceRunner" name="test_on_restart_aborts_when_port_does_not_free" time="0.002"><skipped type="pytest.skip" message="pystray/Pillow unavailable (missing or headless)">C:\Users\ADMIN\Documents\Code\PixelOffice-v2\backends\manager\tests\unit\service\test_tray.py:15: pystray/Pillow unavailable (missing or headless)</skipped></testcase><testcase classname="tests.unit.service.test_tray.TestServiceRunner" name="test_on_restart_retries_on_transient_failure" time="0.003"><skipped type="pytest.skip" message="pystray/Pillow unavailable (missing or headless)">C:\Users\ADMIN\Documents\Code\PixelOffice-v2\backends\manager\tests\unit\service\test_tray.py:15: pystray/Pillow unavailable (missing or headless)</skipped></testcase><testcase classname="tests.unit.service.test_tray.TestServiceRunner" name="test_shutdown_uvicorn_force_exits_on_graceful_timeout" time="0.002"><skipped type="pytest.skip" message="pystray/Pillow unavailable (missing or headless)">C:\Users\ADMIN\Documents\Code\PixelOffice-v2\backends\manager\tests\unit\service\test_tray.py:15: pystray/Pillow unavailable (missing or headless)</skipped></testcase><testcase classname="tests.unit.service.test_tray.TestApplyIcon" name="test_passes_update_available_true_when_outdated" time="0.003"><skipped type="pytest.skip" message="pystray/Pillow unavailable (missing or headless)">C:\Users\ADMIN\Documents\Code\PixelOffice-v2\backends\manager\tests\unit\service\test_tray.py:15: pystray/Pillow unavailable (missing or headless)</skipped></testcase><testcase classname="tests.unit.service.test_tray.TestApplyIcon" name="test_passes_update_available_false_when_current" time="0.002"><skipped type="pytest.skip" message="pystray/Pillow unavailable (missing or headless)">C:\Users\ADMIN\Documents\Code\PixelOffice-v2\backends\manager\tests\unit\service\test_tray.py:15: pystray/Pillow unavailable (missing or headless)</skipped></testcase><testcase classname="tests.unit.service.test_tray.TestStartedTimestamp" name="test_started_text_default_em_dash" time="0.002"><skipped type="pytest.skip" message="pystray/Pillow unavailable (missing or headless)">C:\Users\ADMIN\Documents\Code\PixelOffice-v2\backends\manager\tests\unit\service\test_tray.py:15: pystray/Pillow unavailable (missing or headless)</skipped></testcase><testcase classname="tests.unit.service.test_tray.TestStartedTimestamp" name="test_started_text_seconds_resolution" time="0.002"><skipped type="pytest.skip" message="pystray/Pillow unavailable (missing or headless)">C:\Users\ADMIN\Documents\Code\PixelOffice-v2\backends\manager\tests\unit\service\test_tray.py:15: pystray/Pillow unavailable (missing or headless)</skipped></testcase><testcase classname="tests.unit.service.test_tray.TestStartedTimestamp" name="test_started_text_minutes_and_seconds" time="0.002"><skipped type="pytest.skip" message="pystray/Pillow unavailable (missing or headless)">C:\Users\ADMIN\Documents\Code\PixelOffice-v2\backends\manager\tests\unit\service\test_tray.py:15: pystray/Pillow unavailable (missing or headless)</skipped></testcase><testcase classname="tests.unit.service.test_tray.TestStartedTimestamp" name="test_restart_updates_started_at" time="0.003"><skipped type="pytest.skip" message="pystray/Pillow unavailable (missing or headless)">C:\Users\ADMIN\Documents\Code\PixelOffice-v2\backends\manager\tests\unit\service\test_tray.py:15: pystray/Pillow unavailable (missing or headless)</skipped></testcase><testcase classname="tests.unit.service.test_tray.TestCheckDeps" name="test_check_tray_deps_raises_when_missing" time="0.002" /><testcase classname="tests.unit.service.test_tray.TestCheckDeps" name="test_check_tray_deps_passes_when_available" time="0.002" /><testcase classname="tests.unit.service.test_tray.TestVersionMenu" name="test_version_text_when_current" time="0.003"><skipped type="pytest.skip" message="pystray/Pillow unavailable (missing or headless)">C:\Users\ADMIN\Documents\Code\PixelOffice-v2\backends\manager\tests\unit\service\test_tray.py:15: pystray/Pillow unavailable (missing or headless)</skipped></testcase><testcase classname="tests.unit.service.test_tray.TestVersionMenu" name="test_manual_check_sets_failed_flag_when_unreachable" time="0.003"><skipped type="pytest.skip" message="pystray/Pillow unavailable (missing or headless)">C:\Users\ADMIN\Documents\Code\PixelOffice-v2\backends\manager\tests\unit\service\test_tray.py:15: pystray/Pillow unavailable (missing or headless)</skipped></testcase><testcase classname="tests.unit.service.test_tray.TestVersionMenu" name="test_manual_check_clears_failed_flag_on_success" time="0.002"><skipped type="pytest.skip" message="pystray/Pillow unavailable (missing or headless)">C:\Users\ADMIN\Documents\Code\PixelOffice-v2\backends\manager\tests\unit\service\test_tray.py:15: pystray/Pillow unavailable (missing or headless)</skipped></testcase><testcase classname="tests.unit.service.test_tray.TestVersionMenu" name="test_version_text_when_outdated" time="0.002"><skipped type="pytest.skip" message="pystray/Pillow unavailable (missing or headless)">C:\Users\ADMIN\Documents\Code\PixelOffice-v2\backends\manager\tests\unit\service\test_tray.py:15: pystray/Pillow unavailable (missing or headless)</skipped></testcase><testcase classname="tests.unit.service.test_tray.TestVersionMenu" name="test_version_text_when_ahead_of_pypi" time="0.003"><skipped type="pytest.skip" message="pystray/Pillow unavailable (missing or headless)">C:\Users\ADMIN\Documents\Code\PixelOffice-v2\backends\manager\tests\unit\service\test_tray.py:15: pystray/Pillow unavailable (missing or headless)</skipped></testcase><testcase classname="tests.unit.service.test_tray.TestVersionMenu" name="test_version_text_when_check_not_yet_run" time="0.003"><skipped type="pytest.skip" message="pystray/Pillow unavailable (missing or headless)">C:\Users\ADMIN\Documents\Code\PixelOffice-v2\backends\manager\tests\unit\service\test_tray.py:15: pystray/Pillow unavailable (missing or headless)</skipped></testcase><testcase classname="tests.unit.service.test_tray.TestVersionMenu" name="test_update_enabled_only_when_outdated" time="0.004"><skipped type="pytest.skip" message="pystray/Pillow unavailable (missing or headless)">C:\Users\ADMIN\Documents\Code\PixelOffice-v2\backends\manager\tests\unit\service\test_tray.py:15: pystray/Pillow unavailable (missing or headless)</skipped></testcase><testcase classname="tests.unit.service.test_tray.TestOnUpdateClick" name="test_spawns_updater_then_stops" time="0.004"><skipped type="pytest.skip" message="pystray/Pillow unavailable (missing or headless)">C:\Users\ADMIN\Documents\Code\PixelOffice-v2\backends\manager\tests\unit\service\test_tray.py:15: pystray/Pillow unavailable (missing or headless)</skipped></testcase><testcase classname="tests.unit.service.test_tray.TestOnUpdateClick" name="test_no_op_when_not_outdated" time="0.003"><skipped type="pytest.skip" message="pystray/Pillow unavailable (missing or headless)">C:\Users\ADMIN\Documents\Code\PixelOffice-v2\backends\manager\tests\unit\service\test_tray.py:15: pystray/Pillow unavailable (missing or headless)</skipped></testcase><testcase classname="tests.unit.service.test_tray.TestOnUpdateClick" name="test_click_releases_lock_on_spawn_failure" time="0.002"><skipped type="pytest.skip" message="pystray/Pillow unavailable (missing or headless)">C:\Users\ADMIN\Documents\Code\PixelOffice-v2\backends\manager\tests\unit\service\test_tray.py:15: pystray/Pillow unavailable (missing or headless)</skipped></testcase><testcase classname="tests.unit.service.test_tray.TestOnUpdateClick" name="test_double_click_only_spawns_once" time="0.003"><skipped type="pytest.skip" message="pystray/Pillow unavailable (missing or headless)">C:\Users\ADMIN\Documents\Code\PixelOffice-v2\backends\manager\tests\unit\service\test_tray.py:15: pystray/Pillow unavailable (missing or headless)</skipped></testcase><testcase classname="tests.unit.service.test_tray.TestOnUpdateClick" name="test_spawns_before_stops" time="0.002"><skipped type="pytest.skip" message="pystray/Pillow unavailable (missing or headless)">C:\Users\ADMIN\Documents\Code\PixelOffice-v2\backends\manager\tests\unit\service\test_tray.py:15: pystray/Pillow unavailable (missing or headless)</skipped></testcase><testcase classname="tests.unit.service.test_tray.TestCheckForUpdatesMenu" name="test_menu_has_check_for_updates_item" time="0.003"><skipped type="pytest.skip" message="pystray/Pillow unavailable (missing or headless)">C:\Users\ADMIN\Documents\Code\PixelOffice-v2\backends\manager\tests\unit\service\test_tray.py:15: pystray/Pillow unavailable (missing or headless)</skipped></testcase><testcase classname="tests.unit.service.test_tray.TestCheckForUpdatesMenu" name="test_menu_omits_check_for_updates_when_not_provided" time="0.003"><skipped type="pytest.skip" message="pystray/Pillow unavailable (missing or headless)">C:\Users\ADMIN\Documents\Code\PixelOffice-v2\backends\manager\tests\unit\service\test_tray.py:15: pystray/Pillow unavailable (missing or headless)</skipped></testcase><testcase classname="tests.unit.service.test_tray.TestOnCheckForUpdates" name="test_forces_fresh_pypi_check" time="0.003"><skipped type="pytest.skip" message="pystray/Pillow unavailable (missing or headless)">C:\Users\ADMIN\Documents\Code\PixelOffice-v2\backends\manager\tests\unit\service\test_tray.py:15: pystray/Pillow unavailable (missing or headless)</skipped></testcase><testcase classname="tests.unit.service.test_tray.TestLastCheckedMenu" name="test_never_checked" time="0.003"><skipped type="pytest.skip" message="pystray/Pillow unavailable (missing or headless)">C:\Users\ADMIN\Documents\Code\PixelOffice-v2\backends\manager\tests\unit\service\test_tray.py:15: pystray/Pillow unavailable (missing or headless)</skipped></testcase><testcase classname="tests.unit.service.test_tray.TestLastCheckedMenu" name="test_just_now" time="0.003"><skipped type="pytest.skip" message="pystray/Pillow unavailable (missing or headless)">C:\Users\ADMIN\Documents\Code\PixelOffice-v2\backends\manager\tests\unit\service\test_tray.py:15: pystray/Pillow unavailable (missing or headless)</skipped></testcase><testcase classname="tests.unit.service.test_tray.TestLastCheckedMenu" name="test_minutes_ago" time="0.003"><skipped type="pytest.skip" message="pystray/Pillow unavailable (missing or headless)">C:\Users\ADMIN\Documents\Code\PixelOffice-v2\backends\manager\tests\unit\service\test_tray.py:15: pystray/Pillow unavailable (missing or headless)</skipped></testcase><testcase classname="tests.unit.service.test_tray.TestLastCheckedMenu" name="test_hours_ago" time="0.002"><skipped type="pytest.skip" message="pystray/Pillow unavailable (missing or headless)">C:\Users\ADMIN\Documents\Code\PixelOffice-v2\backends\manager\tests\unit\service\test_tray.py:15: pystray/Pillow unavailable (missing or headless)</skipped></testcase><testcase classname="tests.unit.service.test_tray.TestLastCheckedMenu" name="test_days_ago" time="0.002"><skipped type="pytest.skip" message="pystray/Pillow unavailable (missing or headless)">C:\Users\ADMIN\Documents\Code\PixelOffice-v2\backends\manager\tests\unit\service\test_tray.py:15: pystray/Pillow unavailable (missing or headless)</skipped></testcase><testcase classname="tests.unit.service.test_tray.TestLastCheckedMenu" name="test_checking_now_overrides_timestamp" time="0.003"><skipped type="pytest.skip" message="pystray/Pillow unavailable (missing or headless)">C:\Users\ADMIN\Documents\Code\PixelOffice-v2\backends\manager\tests\unit\service\test_tray.py:15: pystray/Pillow unavailable (missing or headless)</skipped></testcase><testcase classname="tests.unit.service.test_tray.TestLastCheckedMenu" name="test_menu_includes_last_checked_when_fn_provided" time="0.002"><skipped 
[...]
"0.001" /><testcase classname="tests.unit.test_codex_usage" name="test_normalize_unusable_durations_fall_back_positional[nan]" time="0.001" /><testcase classname="tests.unit.test_codex_usage" name="test_normalize_unusable_durations_fall_back_positional[-5]" time="0.001" /><testcase classname="tests.unit.test_codex_usage" name="test_normalize_unusable_durations_fall_back_positional[0]" time="0.001" /><testcase classname="tests.unit.test_codex_usage" name="test_normalize_unusable_durations_fall_back_positional[None]" time="0.001" /><testcase classname="tests.unit.test_codex_usage" name="test_normalize_unusable_durations_fall_back_positional[bad_dur7]" time="0.001" /><testcase classname="tests.unit.test_codex_usage" name="test_normalize_duration_boundary_and_float" time="0.001" /><testcase classname="tests.unit.test_codex_usage" name="test_normalize_secondary_only_classified_by_duration" time="0.001" /><testcase classname="tests.unit.test_codex_usage" name="test_normalize_partial_payload_is_not_authoritative" time="0.001" /><testcase classname="tests.unit.test_codex_usage" name="test_normalize_handles_missing_windows" time="0.001" /><testcase classname="tests.unit.test_codex_usage" name="test_normalize_surfaces_credits_and_reset_credits" time="0.001" /><testcase classname="tests.unit.test_codex_usage" name="test_epoch_to_iso_none_and_garbage" time="0.001" /><testcase classname="tests.unit.test_codex_usage" name="test_fetch_codex_usage_writes_cache" time="0.031" /><testcase classname="tests.unit.test_codex_usage" name="test_fetch_weekly_only_clears_stale_5h_and_updates_7d" time="0.031" /><testcase classname="tests.unit.test_codex_usage" name="test_fetch_5h_only_clears_stale_7d_and_updates_5h" time="0.031" /><testcase classname="tests.unit.test_codex_usage" name="test_fetch_partial_read_preserves_other_window" time="0.032" /><testcase classname="tests.unit.test_codex_usage" name="test_fetch_unrecognized_shape_never_clears" time="0.031" /><testcase classname="tests.unit.test_codex_usage" name="test_fetch_all_none_read_preserves_seeded_cache" time="0.032" /><testcase classname="tests.unit.test_codex_usage" name="test_fetch_proceeds_when_root_identity_matches" time="0.032" /><testcase classname="tests.unit.test_codex_usage" name="test_fetch_resets_at_only_travels_with_its_percent" time="0.031" /><testcase classname="tests.unit.test_codex_usage" name="test_fallback_warning_throttles_to_debug_on_repeat" time="0.001" /><testcase classname="tests.unit.test_codex_usage" name="test_update_usage_cache_none_still_preserves_without_clear" time="0.028" /><testcase classname="tests.unit.test_codex_usage" name="test_update_usage_cache_clear_beats_passed_values" time="0.028" /><testcase classname="tests.unit.test_codex_usage" name="test_fetch_skips_write_when_root_swapped_under_gate" time="0.031" /><testcase classname="tests.unit.test_codex_usage" name="test_fetch_codex_usage_records_error_on_failure" time="0.029" /><testcase classname="tests.unit.test_codex_usage" name="test_fetch_codex_usage_all_none_is_soft_failure" time="0.030" /><testcase classname="tests.unit.test_codex_usage" name="test_fetch_codex_usage_skips_when_swap_locked" time="0.086" /><testcase classname="tests.unit.test_codex_usage" name="test_read_rate_limits_real_subprocess_roundtrip" time="0.012"><failure message="manager.codex.usage.CodexUsageError: failed to start codex app-server: [WinError 193] %1 is not a valid Win32 application">E   OSError: [WinError 193] %1 is not a valid Win32 application

The above exception was the direct cause of the following exception:
E   manager.codex.usage.CodexUsageError: failed to start codex app-server: [WinError 193] %1 is not a valid Win32 application</failure></testcase><testcase classname="tests.unit.test_codex_usage" name="test_read_rate_limits_missing_binary_raises" time="0.004" /><testcase classname="tests.unit.test_codex_usage" name="test_fetch_usage_dispatches_codex_active_only" time="0.046" /><testcase classname="tests.unit.test_codex_usage" name="test_read_rate_limits_passes_codex_home_env" time="0.009"><failure message="manager.codex.usage.CodexUsageError: failed to start codex app-server: [WinError 193] %1 is not a valid Win32 application">E   OSError: [WinError 193] %1 is not a valid Win32 application

The above exception was the direct cause of the following exception:
E   manager.codex.usage.CodexUsageError: failed to start codex app-server: [WinError 193] %1 is not a valid Win32 application</failure></testcase><testcase classname="tests.unit.test_codex_usage" name="test_fetch_codex_usage_syncs_plan_change" time="0.030" /><testcase classname="tests.unit.test_codex_usage" name="test_fetch_codex_usage_plan_unchanged_no_write" time="0.029" /><testcase classname="tests.unit.test_command_asana_integration" name="test_engine_declares_step_3_5" time="0.001" /><testcase classname="tests.unit.test_command_asana_integration" name="test_step_3_5_skips_silently_when_unconfigured" time="0.001" /><testcase classname="tests.unit.test_command_asana_integration" name="test_step_3_5_judges_repo_relevance" time="0.001" /><testcase classname="tests.unit.test_command_asana_integration" name="test_step_3_5_dispatches_on_access_method_with_real_fetch_mechanics" time="0.001" /><testcase classname="tests.unit.test_command_asana_integration" name="test_step_3_5_fetches_assigned_tasks_only" time="0.001" /><testcase classname="tests.unit.test_command_asana_integration" name="test_step_3_5_has_gid_404_self_heal" time="0.001" /><testcase classname="tests.unit.test_command_asana_integration" name="test_step_3_5_drops_empty_tasks" time="0.001" /><testcase classname="tests.unit.test_command_asana_integration" name="test_step_4_does_not_discard_asana_candidates" time="0.001" /><testcase classname="tests.unit.test_command_asana_integration" name="test_asana_is_a_signal_not_a_ranked_list_with_no_bonus" time="0.001" /><testcase classname="tests.unit.test_command_asana_integration" name="test_step_3_5_has_data_only_security" time="0.001" /><testcase classname="tests.unit.test_command_asana_integration" name="test_step_6_weighs_asana_tasks" time="0.001" /><testcase classname="tests.unit.test_command_asana_integration" name="test_config_override_mentions_asana" time="0.001" /><testcase classname="tests.unit.test_command_asana_integration" name="test_evidence_and_deadline_support_asana" time="0.001" /><testcase classname="tests.unit.test_command_asana_integration" name="test_setup_has_asana_access_probe" time="0.000"><error message="failed on setup with &quot;FileNotFoundError: [Errno 2] No such file or directory: 'C:\\Users\\ADMIN\\Documents\\Code\\PixelOffice-v2\\.agent\\manager\\data\\commands\\jacked-setup.md'&quot;">E   FileNotFoundError: [Errno 2] No such file or directory: 'C:\\Users\\ADMIN\\Documents\\Code\\PixelOffice-v2\\.agent\\manager\\data\\commands\\jacked-setup.md'</error></testcase><testcase classname="tests.unit.test_command_asana_integration" name="test_setup_probes_three_access_methods" time="0.000"><error message="failed on setup with &quot;FileNotFoundError: [Errno 2] No such file or directory: 'C:\\Users\\ADMIN\\Documents\\Code\\PixelOffice-v2\\.agent\\manager\\data\\commands\\jacked-setup.md'&quot;">E   FileNotFoundError: [Errno 2] No such file or directory: 'C:\\Users\\ADMIN\\Documents\\Code\\PixelOffice-v2\\.agent\\manager\\data\\commands\\jacked-setup.md'</error></testcase><testcase classname="tests.unit.test_command_asana_integration" name="test_setup_has_zero_touch_discovery" time="0.000"><error message="failed on setup with &quot;FileNotFoundError: [Errno 2] No such file or directory: 'C:\\Users\\ADMIN\\Documents\\Code\\PixelOffice-v2\\.agent\\manager\\data\\commands\\jacked-setup.md'&quot;">E   FileNotFoundError: [Errno 2] No such file or directory: 'C:\\Users\\ADMIN\\Documents\\Code\\PixelOffice-v2\\.agent\\manager\\data\\commands\\jacked-setup.md'</error></testcase><testcase classname="tests.unit.test_command_asana_integration" name="test_setup_template_has_asana_integration_block" time="0.000"><error message="failed on setup with &quot;FileNotFoundError: [Errno 2] No such file or directory: 'C:\\Users\\ADMIN\\Documents\\Code\\PixelOffice-v2\\.agent\\manager\\data\\commands\\jacked-setup.md'&quot;">E   FileNotFoundError: [Errno 2] No such file or directory: 'C:\\Users\\ADMIN\\Documents\\Code\\PixelOffice-v2\\.agent\\manager\\data\\commands\\jacked-setup.md'</error></testcase><testcase classname="tests.unit.test_command_asana_integration" name="test_setup_pat_rejected_path_is_distinct_from_install_hint" time="0.000"><error message="failed on setup with &quot;FileNotFoundError: [Errno 2] No such file or directory: 'C:\\Users\\ADMIN\\Documents\\Code\\PixelOffice-v2\\.agent\\manager\\data\\commands\\jacked-setup.md'&quot;">E   FileNotFoundError: [Errno 2] No such file or directory: 'C:\\Users\\ADMIN\\Documents\\Code\\PixelOffice-v2\\.agent\\manager\\data\\commands\\jacked-setup.md'</error></testcase><testcase classname="tests.unit.test_command_asana_integration" name="test_readme_documents_asana_in_whats_next" time="0.001"><failure message="AssertionError: assert 'Asana in `/whats-next`' in '# backends/jacked\n\nClaude usage / OAuth / auto-swap FastAPI service for PixelOffice.\n\n## Install (required once)\...web/` — standalone vanilla dashboard (ops / `jacked webux` browser; not PixelOffice chrome)\n\nPort default: `8321`.\n'">E   AssertionError: assert 'Asana in `/whats-next`' in '# backends/jacked\n\nClaude usage / OAuth / auto-swap FastAPI service for PixelOffice.\n\n## Install (required once)\...web/` — standalone vanilla dashboard (ops / `jacked webux` browser; not PixelOffice chrome)\n\nPort default: `8321`.\n'</failure></testcase><testcase classname="tests.unit.test_command_bhag" name="test_bhag_command_exists" time="0.001" /><testcase classname="tests.unit.test_command_bhag" name="test_frontmatter_marks_it_deliberate_and_points_to_whats_next" time="0.002" /><testcase classname="tests.unit.test_command_bhag" name="test_safety_gate_is_first_and_double_gated" time="0.001" /><testcase classname="tests.unit.test_command_bhag" name="test_auto_merge_is_conservative_default_staged" time="0.001" /><testcase classname="tests.unit.test_command_bhag" name="test_per_iteration_guardrails" time="0.001" /><testcase classname="tests.unit.test_command_bhag" name="test_separate_command_rationale" time="0.001" /><testcase classname="tests.unit.test_command_bhag" name="test_brief_is_file_backed_with_pointer" time="0.001" /><testcase classname="tests.unit.test_command_goal_maker" name="test_goal_maker_command_exists" time="0.001" /><testcase classname="tests.unit.test_command_goal_maker" name="test_frontmatter_marks_it_deliberate_and_distinguishes_siblings" time="0.001" /><testcase classname="tests.unit.test_command_goal_maker" name="test_default_is_pr_merge_is_opt_in" time="0.001" /><testcase classname="tests.unit.test_command_goal_maker" name="test_merge_mode_is_ci_gated_and_uses_true_merge_commit" time="0.001" /><testcase classname="tests.unit.test_command_goal_maker" name="test_inherits_whatsnext_brief_engine" time="0.001" /><testcase classname="tests.unit.test_command_goal_maker" name="test_sources_from_current_context_not_a_fresh_decision" time="0.001" /><testcase classname="tests.unit.test_command_goal_maker" name="test_quality_bars_are_baked_in" time="0.001" /><testcase classname="tests.unit.test_command_goal_maker" name="test_plan_ahead_next_steps" time="0.001" /><testcase classname="tests.unit.test_command_goal_maker" name="test_security_data_only_rule" time="0.001" /><testcase classname="tests.unit.test_command_goal_maker" name="test_separate_command_rationale" time="0.001" /><testcase classname="tests.unit.test_command_whats_next_goal" name="test_intro_is_decisive_and_goal_oriented" time="0.001" /><testcase classname="tests.unit.test_command_whats_next_goal" name="test_step_5_strategic_coverage_assessment" time="0.001" /><testcase classname="tests.unit.test_command_whats_next_goal" name="test_step_5_hybrid_coverage_sources" time="0.001" /><testcase classname="tests.unit.test_command_whats_next_goal" name="test_step_5_anti_fabrication" time="0.001" /><testcase classname="tests.unit.test_command_whats_next_goal" name="test_step_5_capability_cap" time="0.001" /><testcase classname="tests.unit.test_command_whats_next_goal" name="test_step_5_single_persona_fallback" time="0.001" /><testcase classname="tests.unit.test_command_whats_next_goal" name="test_step_6_commits_to_one_initiative" time="0.001" /><testcase classname="tests.unit.test_command_whats_next_goal" name="test_step_6_biases_toward_leverage_not_nitpicks" time="0.001" /><testcase classname="tests.unit.test_command_whats_next_goal" name="test_step_6_resume_first_if_midflight" time="0.001" /><testcase classname="tests.unit.test_command_whats_next_goal" name="test_step_7_offers_goal_and_jackitup" time="0.001" /><testcase classname="tests.unit.test_command_whats_next_goal" name="test_step_7_user_quotes_have_no_internal_step_label" time="0.001" /><testcase classname="tests.unit.test_command_whats_next_goal" name="test_step_8_section_exists" time="0.001" /><testcase classname="tests.unit.test_command_whats_next_goal" name="test_step_8_forges_after_decision" time="0.001" /><testcase classname="tests.unit.test_command_whats_next_goal" name="test_step_8_big_but_convergent" time="0.001" /><testcase classname="tests.unit.test_command_whats_next_goal" name="test_step_8_char_limit" time="0.001" /><testcase classname="tests.unit.test_command_whats_next_goal" name="test_step_8_staged_pr_posture" time="0.001" /><testcase classname="tests.unit.test_command_whats_next_goal" name="test_step_8_completion_condition" time="0.001" /><testcase classname="tests.unit.test_command_whats_next_goal" name="test_step_8_verify_block_guarded" time="0.001" /><testcase classname="tests.unit.test_command_whats_next_goal" name="test_step_8_evidence_not_claims" time="0.001" /><testcase classname="tests.unit.test_command_whats_next_goal" name="test_step_8_conditional_ux_block" time="0.001" /><testcase classname="tests.unit.test_command_whats_next_goal" name="test_step_8_conditional_security_block" time="0.001" /><testcase classname="tests.unit.test_command_whats_next_goal" name="test_step_8_scope_guardrail" time="0.001" /><testcase classname="tests.unit.test_command_whats_next_goal" name="test_step_8_paste_ready_goal" time="0.001" /><testcase classname="tests.unit.test_command_whats_next_goal" name="test_step_8_goal_fallback" time="0.001" /><testcase classname="tests.unit.test_command_whats_next_goal" name="test_step_8_resume_checkpoint_excluded" time="0.001" /><testcase classname="tests.unit.test_command_whats_next_goal" name="test_step_8_no_mvp_philosophy" time="0.001" /><testcase classname="tests.unit.test_command_whats_next_goal" name="test_step_8_sanitizes_references" time="0.001" /><testcase classname="tests.unit.test_command_whats_next_goal" name="test_step_6_calibrates_confidence" time="0.001" /><testcase classname="tests.unit.test_command_whats_next_goal" name="test_step_6_announces_decision_not_menu" time="0.001" /><testcase classname="tests.unit.test_command_whats_next_goal" name="test_step_8_convergence_sizing" time="0.001" /><testcase classname="tests.unit.test_command_whats_next_goal" name="test_setup_uses_strategic_emphasis_not_stale_tiers" time="0.001"><failure message="FileNotFoundError: [Errno 2] No such file or directory: 'C:\\Users\\ADMIN\\Documents\\Code\\PixelOffice-v2\\.agent\\manager\\data\\commands\\jacked-setup.md'">E   FileNotFoundError: [Errno 2] No such file or directory: 'C:\\Users\\ADMIN\\Documents\\Code\\PixelOffice-v2\\.agent\\manager\\data\\commands\\jacked-setup.md'</failure></testcase><testcase classname="tests.unit.test_command_whats_next_goal" name="test_step_8_file_backed_goal" time="0.001" /><testcase classname="tests.unit.test_command_whats_next_goal" name="test_step_8_file_backed_not_committed" time="0.001" /><testcase classname="tests.unit.test_command_whats_next_goal" name="test_step_8_file_backed_still_convergent" time="0.001" /><testcase classname="tests.unit.test_command_whats_next_goal" name="test_step_8_drives_to_completion_not_turn_capped" time="0.001" /><testcase classname="tests.unit.test_command_whats_next_goal" name="test_step_8_pointer_is_the_only_pasted_thing" time="0.001" /><testcase classname="tests.unit.test_credential_sync" name="test_build_oauth_data_basic" time="0.001" /><testcase classname="tests.unit.test_credential_sync" name="test_build_oauth_data_with_scopes" time="0.001" /><testcase classname="tests.unit.test_credential_sync" name="test_sync_writes_global_credential_file" time="0.004" /><testcase classname="tests.unit.test_credential_sync" name="test_sync_writes_claude_json_email" time="0.004" /><testcase classname="tests.unit.test_credential_sync" name="test_sync_writes_per_account_dir" time="0.005" /><testcase classname="tests.unit.test_credential_sync" name="test_sync_preserves_existing_keys" time="0.005" /><testcase classname="tests.unit.test_credential_sync" name="test_read_platform_credentials_uses_user_account" time="0.002" /><testcase classname="tests.unit.test_credential_sync" name="test_read_platform_credentials_linux" time="0.001" /><testcase classname="tests.unit.test_credential_sync" name="test_read_platform_credentials_keychain_not_found" time="0.001" /><testcase classname="tests.unit.test_credential_sync" name="test_read_platform_credentials_malformed_json" time="0.001" /><testcase classname="tests.unit.test_credential_sync" name="test_write_platform_credentials_uses_hex_and_user" time="0.001" /><testcase classname="tests.unit.test_credential_sync" name="test_write_platform_credentials_linux_noop" time="0.001" /><testcase classname="tests.unit.test_credential_sync" name="test_write_platform_credentials_keychain_error" time="0.001" /><testcase classname="tests.unit.test_credential_sync" name="test_get_keychain_username_from_user" time="0.001" /><testcase classname="tests.unit.test_credential_sync" name="test_get_keychain_username_falls_back_to_username" time="0.002" /><testcase classname="tests.unit.test_credential_sync" name="test_get_keychain_username_fallback_to_claude_code" time="0.002" /><testcase classname="tests.unit.test_credential_sync" name="test_update_claude_config_email_creates_file" time="0.003" /><testcase classname="tests.unit.test_credential_sync" name="test_update_claude_config_email_preserves_keys" time="0.011" /><testcase classname="tests.unit.test_credential_sync" name="test_update_claude_config_email_refuses_symlink" time="0.002" /><testcase classname="tests.unit.test_credential_sync" name="test_reassign_sessions" time="0.027" /><testcase classname="tests.unit.test_credential_sync" name="test_reassign_sessions_validates_target" time="0.026" /><testcase classname="tests.unit.test_credential_sync" name="test_read_fresh_active_token_from_file" time="0.003" /><testcase classname="tests.unit.test_credential_sync" name="test_read_fresh_active_token_from_keychain" time="0.002" /><testcase classname="tests.unit.test_credential_sync" name="test_read_fresh_active_token_wrong_account" time="0.006" /><testcase classname="tests.unit.test_credential_sync" name="test_read_fresh_active_token_no_credentials" time="0.002" /><testcase classname="tests.unit.test_cursor_reimport" name="test_import_persists_cursor_row" time="0.029" /><testcase classname="tests.unit.test_cursor_reimport" name="test_reimport_updates_slot" time="0.031" /><testcase classname="tests.unit.test_cursor_reimport" name="test_reimport_email_guard" time="0.029" /><testcase classname="tests.unit.test_cursor_reimport" name="test_import_raises_without_identity" time="0.026" /><testcase classname="tests.unit.test_cursor_reimport" name="test_validate_cursor_uses_slot_not_anthropic" time="0.043" /><testcase classname="tests.unit.test_cursor_reimport" name="test_validate_cursor_signed_out_is_invalid" time="0.028" /><testcase time="0.030" /></testsuite></testsuites>